-- The C compiler identification is GNU 11.4.0
-- The CXX compiler identification is GNU 11.4.0
-- Detecting C compiler ABI info
-- Detecting C compiler ABI info - done
-- Check for working C compiler: /usr/bin/cc - skipped
-- Detecting C compile features
-- Detecting C compile features - done
-- Detecting CXX compiler ABI info
-- Detecting CXX compiler ABI info - done
-- Check for working CXX compiler: /usr/bin/c++ - skipped
-- Detecting CXX compile features
-- Detecting CXX compile features - done
-- Found ament_cmake: 2.0.6 (/opt/ros/iron/share/ament_cmake/cmake)
-- Found Python3: /usr/bin/python3.10 (found version "3.10.12") found components: Interpreter 
-- Found rclcpp: 21.0.7 (/opt/ros/iron/share/rclcpp/cmake)
-- Found rosidl_generator_c: 4.0.1 (/opt/ros/iron/share/rosidl_generator_c/cmake)
-- Found rosidl_generator_cpp: 4.0.1 (/opt/ros/iron/share/rosidl_generator_cpp/cmake)
-- Using all available rosidl_typesupport_c: rosidl_typesupport_fastrtps_c;rosidl_typesupport_introspection_c
-- Using all available rosidl_typesupport_cpp: rosidl_typesupport_fastrtps_cpp;rosidl_typesupport_introspection_cpp
-- Found rmw_implementation_cmake: 7.1.0 (/opt/ros/iron/share/rmw_implementation_cmake/cmake)
-- Found rmw_fastrtps_cpp: 7.1.4 (/opt/ros/iron/share/rmw_fastrtps_cpp/cmake)
-- Found OpenSSL: /usr/lib/x86_64-linux-gnu/libcrypto.so (found version "3.0.2")  
-- Found FastRTPS: /opt/ros/iron/include  
-- Using RMW implementation 'rmw_fastrtps_cpp' as default
-- Found rclcpp_components: 21.0.7 (/opt/ros/iron/share/rclcpp_components/cmake)
-- Found std_msgs: 5.0.1 (/opt/ros/iron/share/std_msgs/cmake)
-- Found geometry_msgs: 5.0.1 (/opt/ros/iron/share/geometry_msgs/cmake)
-- Found example_interfaces: 0.10.2 (/opt/ros/iron/share/example_interfaces/cmake)
-- Found moveit_ros_planning_interface: 2.8.0 (/opt/ros/iron/share/moveit_ros_planning_interface/cmake)
-- Found Boost: /usr/lib/x86_64-linux-gnu/cmake/Boost-1.74.0/BoostConfig.cmake (found version "1.74.0") found components: date_time filesystem program_options system thread 
-- Found Boost: /usr/lib/x86_64-linux-gnu/cmake/Boost-1.74.0/BoostConfig.cmake (found version "1.74.0") found components: chrono date_time filesystem iostreams program_options regex serialization system thread 
-- Found parameter_traits: 0.3.8 (/opt/ros/iron/share/parameter_traits/cmake)
-- Found Eigen3: TRUE (found version "3.4.0") 
-- Found rclcpp_lifecycle: 21.0.7 (/opt/ros/iron/share/rclcpp_lifecycle/cmake)
-- Found Boost: /usr/lib/x86_64-linux-gnu/cmake/Boost-1.74.0/BoostConfig.cmake (found version "1.74.0") found components: filesystem 
-- library: /usr/lib/x86_64-linux-gnu/libcurl.so
-- Ensuring Eigen3 include directory is part of orocos-kdl CMake target
-- Found Boost: /usr/lib/x86_64-linux-gnu/cmake/Boost-1.74.0/BoostConfig.cmake (found version "1.74.0") found components: system filesystem date_time program_options thread chrono 
-- Found Boost: /usr/lib/x86_64-linux-gnu/cmake/Boost-1.74.0/BoostConfig.cmake (found version "1.74.0") found components: thread system filesystem regex date_time program_options 
-- Found Boost: /usr/lib/x86_64-linux-gnu/cmake/Boost-1.74.0/BoostConfig.cmake (found version "1.74.0") found components: system filesystem date_time program_options thread 
-- Found aprs_interfaces: 1.0.0 (/home/justin/demo_ws/src/aprs_ros2_demo/install/aprs_interfaces/share/aprs_interfaces/cmake)
-- Found ament_lint_auto: 0.14.4 (/opt/ros/iron/share/ament_lint_auto/cmake)
-- Added test 'cppcheck' to perform static code analysis on C / C++ code
-- Configured cppcheck include dirs: $<BUILD_INTERFACE:/home/justin/demo_ws/src/aprs_ros2_demo/fanuc_demo/include>
-- Configured cppcheck exclude dirs and/or files: 
-- Added test 'flake8' to check Python code syntax and style conventions
-- Configured 'flake8' exclude dirs and/or files: 
-- Added test 'lint_cmake' to check CMake code style
-- Added test 'pep257' to check Python code against some of the docstring style conventions in PEP 257
-- Added test 'uncrustify' to check C / C++ code style
-- Configured uncrustify additional arguments: 
-- Added test 'xmllint' to check XML markup files
-- Configuring done
-- Generating done
-- Build files have been written to: /home/justin/demo_ws/src/aprs_ros2_demo/build/fanuc_demo
[ 50%] [32mBuilding CXX object CMakeFiles/fanuc_kitting.dir/src/fanuc_kitting.cpp.o[0m
[100%] [32m[1mLinking CXX executable fanuc_kitting[0m
[100%] Built target fanuc_kitting
-- Install configuration: ""
-- Installing: /home/justin/demo_ws/src/aprs_ros2_demo/install/fanuc_demo/lib/fanuc_demo/fanuc_kitting
-- Set runtime path of "/home/justin/demo_ws/src/aprs_ros2_demo/install/fanuc_demo/lib/fanuc_demo/fanuc_kitting" to ""
-- Installing: /home/justin/demo_ws/src/aprs_ros2_demo/install/fanuc_demo/share/fanuc_demo/launch
-- Installing: /home/justin/demo_ws/src/aprs_ros2_demo/install/fanuc_demo/share/fanuc_demo/launch/fanuc_demo.launch.py
-- Installing: /home/justin/demo_ws/src/aprs_ros2_demo/install/fanuc_demo/share/ament_index/resource_index/package_run_dependencies/fanuc_demo
-- Installing: /home/justin/demo_ws/src/aprs_ros2_demo/install/fanuc_demo/share/ament_index/resource_index/parent_prefix_path/fanuc_demo
-- Installing: /home/justin/demo_ws/src/aprs_ros2_demo/install/fanuc_demo/share/fanuc_demo/environment/ament_prefix_path.sh
-- Installing: /home/justin/demo_ws/src/aprs_ros2_demo/install/fanuc_demo/share/fanuc_demo/environment/ament_prefix_path.dsv
-- Installing: /home/justin/demo_ws/src/aprs_ros2_demo/install/fanuc_demo/share/fanuc_demo/environment/path.sh
-- Installing: /home/justin/demo_ws/src/aprs_ros2_demo/install/fanuc_demo/share/fanuc_demo/environment/path.dsv
-- Installing: /home/justin/demo_ws/src/aprs_ros2_demo/install/fanuc_demo/share/fanuc_demo/local_setup.bash
-- Installing: /home/justin/demo_ws/src/aprs_ros2_demo/install/fanuc_demo/share/fanuc_demo/local_setup.sh
-- Installing: /home/justin/demo_ws/src/aprs_ros2_demo/install/fanuc_demo/share/fanuc_demo/local_setup.zsh
-- Installing: /home/justin/demo_ws/src/aprs_ros2_demo/install/fanuc_demo/share/fanuc_demo/local_setup.dsv
-- Installing: /home/justin/demo_ws/src/aprs_ros2_demo/install/fanuc_demo/share/fanuc_demo/package.dsv
-- Installing: /home/justin/demo_ws/src/aprs_ros2_demo/install/fanuc_demo/share/ament_index/resource_index/packages/fanuc_demo
-- Installing: /home/justin/demo_ws/src/aprs_ros2_demo/install/fanuc_demo/share/fanuc_demo/cmake/fanuc_demoConfig.cmake
-- Installing: /home/justin/demo_ws/src/aprs_ros2_demo/install/fanuc_demo/share/fanuc_demo/cmake/fanuc_demoConfig-version.cmake
-- Installing: /home/justin/demo_ws/src/aprs_ros2_demo/install/fanuc_demo/share/fanuc_demo/package.xml
