[0.008s] Invoking command in '/home/justin/demo_ws/src/aprs_ros2_demo/build/fanuc_demo': AMENT_PREFIX_PATH=/home/justin/demo_ws/src/aprs_ros2_demo/install/aprs_interfaces:${AMENT_PREFIX_PATH} CMAKE_PREFIX_PATH=/home/justin/demo_ws/src/aprs_ros2_demo/install/aprs_interfaces:/opt/ros/iron LD_LIBRARY_PATH=/home/justin/demo_ws/src/aprs_ros2_demo/install/aprs_interfaces/lib:${LD_LIBRARY_PATH} PYTHONPATH=/home/justin/demo_ws/src/aprs_ros2_demo/install/aprs_interfaces/lib/python3.10/site-packages:${PYTHONPATH} /usr/bin/cmake /home/justin/demo_ws/src/aprs_ros2_demo/fanuc_demo -DCMAKE_INSTALL_PREFIX=/home/justin/demo_ws/src/aprs_ros2_demo/install/fanuc_demo
[0.033s] -- The C compiler identification is GNU 11.4.0
[0.062s] -- The CXX compiler identification is GNU 11.4.0
[0.066s] -- Detecting C compiler ABI info
[0.102s] -- Detecting C compiler ABI info - done
[0.106s] -- Check for working C compiler: /usr/bin/cc - skipped
[0.106s] -- Detecting C compile features
[0.106s] -- Detecting C compile features - done
[0.108s] -- Detecting CXX compiler ABI info
[0.150s] -- Detecting CXX compiler ABI info - done
[0.156s] -- Check for working CXX compiler: /usr/bin/c++ - skipped
[0.157s] -- Detecting CXX compile features
[0.157s] -- Detecting CXX compile features - done
[0.159s] -- Found ament_cmake: 2.0.6 (/opt/ros/iron/share/ament_cmake/cmake)
[0.252s] -- Found Python3: /usr/bin/python3.10 (found version "3.10.12") found components: Interpreter 
[0.302s] -- Found rclcpp: 21.0.7 (/opt/ros/iron/share/rclcpp/cmake)
[0.328s] -- Found rosidl_generator_c: 4.0.1 (/opt/ros/iron/share/rosidl_generator_c/cmake)
[0.335s] -- Found rosidl_generator_cpp: 4.0.1 (/opt/ros/iron/share/rosidl_generator_cpp/cmake)
[0.344s] -- Using all available rosidl_typesupport_c: rosidl_typesupport_fastrtps_c;rosidl_typesupport_introspection_c
[0.355s] -- Using all available rosidl_typesupport_cpp: rosidl_typesupport_fastrtps_cpp;rosidl_typesupport_introspection_cpp
[0.444s] -- Found rmw_implementation_cmake: 7.1.0 (/opt/ros/iron/share/rmw_implementation_cmake/cmake)
[0.446s] -- Found rmw_fastrtps_cpp: 7.1.4 (/opt/ros/iron/share/rmw_fastrtps_cpp/cmake)
[0.506s] -- Found OpenSSL: /usr/lib/x86_64-linux-gnu/libcrypto.so (found version "3.0.2")  
[0.523s] -- Found FastRTPS: /opt/ros/iron/include  
[0.550s] -- Using RMW implementation 'rmw_fastrtps_cpp' as default
[0.644s] -- Found rclcpp_components: 21.0.7 (/opt/ros/iron/share/rclcpp_components/cmake)
[0.700s] -- Found std_msgs: 5.0.1 (/opt/ros/iron/share/std_msgs/cmake)
[0.717s] -- Found geometry_msgs: 5.0.1 (/opt/ros/iron/share/geometry_msgs/cmake)
[0.739s] -- Found example_interfaces: 0.10.2 (/opt/ros/iron/share/example_interfaces/cmake)
[0.843s] -- Found moveit_ros_planning_interface: 2.8.0 (/opt/ros/iron/share/moveit_ros_planning_interface/cmake)
[0.935s] -- Found Boost: /usr/lib/x86_64-linux-gnu/cmake/Boost-1.74.0/BoostConfig.cmake (found version "1.74.0") found components: date_time filesystem program_options system thread 
[1.529s] -- Found Boost: /usr/lib/x86_64-linux-gnu/cmake/Boost-1.74.0/BoostConfig.cmake (found version "1.74.0") found components: chrono date_time filesystem iostreams program_options regex serialization system thread 
[1.552s] -- Found parameter_traits: 0.3.8 (/opt/ros/iron/share/parameter_traits/cmake)
[1.562s] -- Found Eigen3: TRUE (found version "3.4.0") 
[1.563s] -- Found rclcpp_lifecycle: 21.0.7 (/opt/ros/iron/share/rclcpp_lifecycle/cmake)
[1.627s] -- Found Boost: /usr/lib/x86_64-linux-gnu/cmake/Boost-1.74.0/BoostConfig.cmake (found version "1.74.0") found components: filesystem 
[1.678s] -- library: /usr/lib/x86_64-linux-gnu/libcurl.so
[1.793s] -- Ensuring Eigen3 include directory is part of orocos-kdl CMake target
[2.096s] -- Found Boost: /usr/lib/x86_64-linux-gnu/cmake/Boost-1.74.0/BoostConfig.cmake (found version "1.74.0") found components: system filesystem date_time program_options thread chrono 
[2.416s] -- Found Boost: /usr/lib/x86_64-linux-gnu/cmake/Boost-1.74.0/BoostConfig.cmake (found version "1.74.0") found components: thread system filesystem regex date_time program_options 
[2.549s] -- Found Boost: /usr/lib/x86_64-linux-gnu/cmake/Boost-1.74.0/BoostConfig.cmake (found version "1.74.0") found components: system filesystem date_time program_options thread 
[2.728s] -- Found aprs_interfaces: 1.0.0 (/home/justin/demo_ws/src/aprs_ros2_demo/install/aprs_interfaces/share/aprs_interfaces/cmake)
[2.829s] -- Found ament_lint_auto: 0.14.4 (/opt/ros/iron/share/ament_lint_auto/cmake)
[2.872s] -- Added test 'cppcheck' to perform static code analysis on C / C++ code
[2.872s] -- Configured cppcheck include dirs: $<BUILD_INTERFACE:/home/justin/demo_ws/src/aprs_ros2_demo/fanuc_demo/include>
[2.872s] -- Configured cppcheck exclude dirs and/or files: 
[2.872s] -- Added test 'flake8' to check Python code syntax and style conventions
[2.872s] -- Configured 'flake8' exclude dirs and/or files: 
[2.872s] -- Added test 'lint_cmake' to check CMake code style
[2.872s] -- Added test 'pep257' to check Python code against some of the docstring style conventions in PEP 257
[2.873s] -- Added test 'uncrustify' to check C / C++ code style
[2.873s] -- Configured uncrustify additional arguments: 
[2.873s] -- Added test 'xmllint' to check XML markup files
[2.874s] -- Configuring done
[2.888s] -- Generating done
[2.890s] -- Build files have been written to: /home/justin/demo_ws/src/aprs_ros2_demo/build/fanuc_demo
[2.898s] Invoked command in '/home/justin/demo_ws/src/aprs_ros2_demo/build/fanuc_demo' returned '0': AMENT_PREFIX_PATH=/home/justin/demo_ws/src/aprs_ros2_demo/install/aprs_interfaces:${AMENT_PREFIX_PATH} CMAKE_PREFIX_PATH=/home/justin/demo_ws/src/aprs_ros2_demo/install/aprs_interfaces:/opt/ros/iron LD_LIBRARY_PATH=/home/justin/demo_ws/src/aprs_ros2_demo/install/aprs_interfaces/lib:${LD_LIBRARY_PATH} PYTHONPATH=/home/justin/demo_ws/src/aprs_ros2_demo/install/aprs_interfaces/lib/python3.10/site-packages:${PYTHONPATH} /usr/bin/cmake /home/justin/demo_ws/src/aprs_ros2_demo/fanuc_demo -DCMAKE_INSTALL_PREFIX=/home/justin/demo_ws/src/aprs_ros2_demo/install/fanuc_demo
[2.899s] Invoking command in '/home/justin/demo_ws/src/aprs_ros2_demo/build/fanuc_demo': AMENT_PREFIX_PATH=/home/justin/demo_ws/src/aprs_ros2_demo/install/aprs_interfaces:${AMENT_PREFIX_PATH} CMAKE_PREFIX_PATH=/home/justin/demo_ws/src/aprs_ros2_demo/install/aprs_interfaces:/opt/ros/iron LD_LIBRARY_PATH=/home/justin/demo_ws/src/aprs_ros2_demo/install/aprs_interfaces/lib:${LD_LIBRARY_PATH} PYTHONPATH=/home/justin/demo_ws/src/aprs_ros2_demo/install/aprs_interfaces/lib/python3.10/site-packages:${PYTHONPATH} /usr/bin/cmake --build /home/justin/demo_ws/src/aprs_ros2_demo/build/fanuc_demo -- -j24 -l24
[2.927s] [ 50%] [32mBuilding CXX object CMakeFiles/fanuc_kitting.dir/src/fanuc_kitting.cpp.o[0m
[9.702s] [100%] [32m[1mLinking CXX executable fanuc_kitting[0m
[10.165s] [100%] Built target fanuc_kitting
[10.172s] Invoked command in '/home/justin/demo_ws/src/aprs_ros2_demo/build/fanuc_demo' returned '0': AMENT_PREFIX_PATH=/home/justin/demo_ws/src/aprs_ros2_demo/install/aprs_interfaces:${AMENT_PREFIX_PATH} CMAKE_PREFIX_PATH=/home/justin/demo_ws/src/aprs_ros2_demo/install/aprs_interfaces:/opt/ros/iron LD_LIBRARY_PATH=/home/justin/demo_ws/src/aprs_ros2_demo/install/aprs_interfaces/lib:${LD_LIBRARY_PATH} PYTHONPATH=/home/justin/demo_ws/src/aprs_ros2_demo/install/aprs_interfaces/lib/python3.10/site-packages:${PYTHONPATH} /usr/bin/cmake --build /home/justin/demo_ws/src/aprs_ros2_demo/build/fanuc_demo -- -j24 -l24
[10.184s] Invoking command in '/home/justin/demo_ws/src/aprs_ros2_demo/build/fanuc_demo': AMENT_PREFIX_PATH=/home/justin/demo_ws/src/aprs_ros2_demo/install/aprs_interfaces:${AMENT_PREFIX_PATH} CMAKE_PREFIX_PATH=/home/justin/demo_ws/src/aprs_ros2_demo/install/aprs_interfaces:/opt/ros/iron LD_LIBRARY_PATH=/home/justin/demo_ws/src/aprs_ros2_demo/install/aprs_interfaces/lib:${LD_LIBRARY_PATH} PYTHONPATH=/home/justin/demo_ws/src/aprs_ros2_demo/install/aprs_interfaces/lib/python3.10/site-packages:${PYTHONPATH} /usr/bin/cmake --install /home/justin/demo_ws/src/aprs_ros2_demo/build/fanuc_demo
[10.188s] -- Install configuration: ""
[10.188s] -- Installing: /home/justin/demo_ws/src/aprs_ros2_demo/install/fanuc_demo/lib/fanuc_demo/fanuc_kitting
[10.192s] -- Set runtime path of "/home/justin/demo_ws/src/aprs_ros2_demo/install/fanuc_demo/lib/fanuc_demo/fanuc_kitting" to ""
[10.192s] -- Installing: /home/justin/demo_ws/src/aprs_ros2_demo/install/fanuc_demo/share/fanuc_demo/launch
[10.192s] -- Installing: /home/justin/demo_ws/src/aprs_ros2_demo/install/fanuc_demo/share/fanuc_demo/launch/fanuc_demo.launch.py
[10.192s] -- Installing: /home/justin/demo_ws/src/aprs_ros2_demo/install/fanuc_demo/share/ament_index/resource_index/package_run_dependencies/fanuc_demo
[10.192s] -- Installing: /home/justin/demo_ws/src/aprs_ros2_demo/install/fanuc_demo/share/ament_index/resource_index/parent_prefix_path/fanuc_demo
[10.192s] -- Installing: /home/justin/demo_ws/src/aprs_ros2_demo/install/fanuc_demo/share/fanuc_demo/environment/ament_prefix_path.sh
[10.192s] -- Installing: /home/justin/demo_ws/src/aprs_ros2_demo/install/fanuc_demo/share/fanuc_demo/environment/ament_prefix_path.dsv
[10.192s] -- Installing: /home/justin/demo_ws/src/aprs_ros2_demo/install/fanuc_demo/share/fanuc_demo/environment/path.sh
[10.192s] -- Installing: /home/justin/demo_ws/src/aprs_ros2_demo/install/fanuc_demo/share/fanuc_demo/environment/path.dsv
[10.192s] -- Installing: /home/justin/demo_ws/src/aprs_ros2_demo/install/fanuc_demo/share/fanuc_demo/local_setup.bash
[10.192s] -- Installing: /home/justin/demo_ws/src/aprs_ros2_demo/install/fanuc_demo/share/fanuc_demo/local_setup.sh
[10.192s] -- Installing: /home/justin/demo_ws/src/aprs_ros2_demo/install/fanuc_demo/share/fanuc_demo/local_setup.zsh
[10.192s] -- Installing: /home/justin/demo_ws/src/aprs_ros2_demo/install/fanuc_demo/share/fanuc_demo/local_setup.dsv
[10.192s] -- Installing: /home/justin/demo_ws/src/aprs_ros2_demo/install/fanuc_demo/share/fanuc_demo/package.dsv
[10.192s] -- Installing: /home/justin/demo_ws/src/aprs_ros2_demo/install/fanuc_demo/share/ament_index/resource_index/packages/fanuc_demo
[10.192s] -- Installing: /home/justin/demo_ws/src/aprs_ros2_demo/install/fanuc_demo/share/fanuc_demo/cmake/fanuc_demoConfig.cmake
[10.192s] -- Installing: /home/justin/demo_ws/src/aprs_ros2_demo/install/fanuc_demo/share/fanuc_demo/cmake/fanuc_demoConfig-version.cmake
[10.192s] -- Installing: /home/justin/demo_ws/src/aprs_ros2_demo/install/fanuc_demo/share/fanuc_demo/package.xml
[10.193s] Invoked command in '/home/justin/demo_ws/src/aprs_ros2_demo/build/fanuc_demo' returned '0': AMENT_PREFIX_PATH=/home/justin/demo_ws/src/aprs_ros2_demo/install/aprs_interfaces:${AMENT_PREFIX_PATH} CMAKE_PREFIX_PATH=/home/justin/demo_ws/src/aprs_ros2_demo/install/aprs_interfaces:/opt/ros/iron LD_LIBRARY_PATH=/home/justin/demo_ws/src/aprs_ros2_demo/install/aprs_interfaces/lib:${LD_LIBRARY_PATH} PYTHONPATH=/home/justin/demo_ws/src/aprs_ros2_demo/install/aprs_interfaces/lib/python3.10/site-packages:${PYTHONPATH} /usr/bin/cmake --install /home/justin/demo_ws/src/aprs_ros2_demo/build/fanuc_demo
