[0.006s] Invoking command in '/home/justin/demo_ws/src/aprs_ros2_demo/build/fanuc_hardware': CMAKE_PREFIX_PATH=/opt/ros/iron /usr/bin/cmake /home/justin/demo_ws/src/aprs_ros2_demo/fanuc_hardware -DCMAKE_INSTALL_PREFIX=/home/justin/demo_ws/src/aprs_ros2_demo/install/fanuc_hardware
[0.034s] -- The C compiler identification is GNU 11.4.0
[0.063s] -- The CXX compiler identification is GNU 11.4.0
[0.067s] -- Detecting C compiler ABI info
[0.102s] -- Detecting C compiler ABI info - done
[0.107s] -- Check for working C compiler: /usr/bin/cc - skipped
[0.107s] -- Detecting C compile features
[0.107s] -- Detecting C compile features - done
[0.109s] -- Detecting CXX compiler ABI info
[0.148s] -- Detecting CXX compiler ABI info - done
[0.152s] -- Check for working CXX compiler: /usr/bin/c++ - skipped
[0.152s] -- Detecting CXX compile features
[0.153s] -- Detecting CXX compile features - done
[0.156s] -- Found ament_cmake: 2.0.6 (/opt/ros/iron/share/ament_cmake/cmake)
[0.247s] -- Found Python3: /usr/bin/python3.10 (found version "3.10.12") found components: Interpreter 
[0.296s] -- Found rclcpp: 21.0.7 (/opt/ros/iron/share/rclcpp/cmake)
[0.321s] -- Found rosidl_generator_c: 4.0.1 (/opt/ros/iron/share/rosidl_generator_c/cmake)
[0.328s] -- Found rosidl_generator_cpp: 4.0.1 (/opt/ros/iron/share/rosidl_generator_cpp/cmake)
[0.337s] -- Using all available rosidl_typesupport_c: rosidl_typesupport_fastrtps_c;rosidl_typesupport_introspection_c
[0.350s] -- Using all available rosidl_typesupport_cpp: rosidl_typesupport_fastrtps_cpp;rosidl_typesupport_introspection_cpp
[0.440s] -- Found rmw_implementation_cmake: 7.1.0 (/opt/ros/iron/share/rmw_implementation_cmake/cmake)
[0.441s] -- Found rmw_fastrtps_cpp: 7.1.4 (/opt/ros/iron/share/rmw_fastrtps_cpp/cmake)
[0.497s] -- Found OpenSSL: /usr/lib/x86_64-linux-gnu/libcrypto.so (found version "3.0.2")  
[0.514s] -- Found FastRTPS: /opt/ros/iron/include  
[0.539s] -- Using RMW implementation 'rmw_fastrtps_cpp' as default
[0.629s] -- Found hardware_interface: 3.28.0 (/opt/ros/iron/share/hardware_interface/cmake)
[1.048s] -- Found rclcpp_components: 21.0.7 (/opt/ros/iron/share/rclcpp_components/cmake)
[1.097s] -- Found rclpy: 4.1.6 (/opt/ros/iron/share/rclpy/cmake)
[1.098s] -- Found example_interfaces: 0.10.2 (/opt/ros/iron/share/example_interfaces/cmake)
[1.177s] -- Configuring done
[1.183s] -- Generating done
[1.184s] -- Build files have been written to: /home/justin/demo_ws/src/aprs_ros2_demo/build/fanuc_hardware
[1.191s] Invoked command in '/home/justin/demo_ws/src/aprs_ros2_demo/build/fanuc_hardware' returned '0': CMAKE_PREFIX_PATH=/opt/ros/iron /usr/bin/cmake /home/justin/demo_ws/src/aprs_ros2_demo/fanuc_hardware -DCMAKE_INSTALL_PREFIX=/home/justin/demo_ws/src/aprs_ros2_demo/install/fanuc_hardware
[1.191s] Invoking command in '/home/justin/demo_ws/src/aprs_ros2_demo/build/fanuc_hardware': CMAKE_PREFIX_PATH=/opt/ros/iron /usr/bin/cmake --build /home/justin/demo_ws/src/aprs_ros2_demo/build/fanuc_hardware -- -j24 -l24
[1.218s] [ 50%] [32mBuilding CXX object CMakeFiles/fanuc_hardware.dir/src/fanuc_hardware_interface.cpp.o[0m
[4.189s] [100%] [32m[1mLinking CXX shared library libfanuc_hardware.so[0m
[4.277s] [100%] Built target fanuc_hardware
[4.283s] Invoked command in '/home/justin/demo_ws/src/aprs_ros2_demo/build/fanuc_hardware' returned '0': CMAKE_PREFIX_PATH=/opt/ros/iron /usr/bin/cmake --build /home/justin/demo_ws/src/aprs_ros2_demo/build/fanuc_hardware -- -j24 -l24
[4.296s] Invoking command in '/home/justin/demo_ws/src/aprs_ros2_demo/build/fanuc_hardware': CMAKE_PREFIX_PATH=/opt/ros/iron /usr/bin/cmake --install /home/justin/demo_ws/src/aprs_ros2_demo/build/fanuc_hardware
[4.299s] -- Install configuration: ""
[4.299s] -- Installing: /home/justin/demo_ws/src/aprs_ros2_demo/install/fanuc_hardware/share/fanuc_hardware/fanuc_hardware.xml
[4.299s] -- Installing: /home/justin/demo_ws/src/aprs_ros2_demo/install/fanuc_hardware/lib/libfanuc_hardware.so
[4.300s] -- Set runtime path of "/home/justin/demo_ws/src/aprs_ros2_demo/install/fanuc_hardware/lib/libfanuc_hardware.so" to ""
[4.300s] -- Installing: /home/justin/demo_ws/src/aprs_ros2_demo/install/fanuc_hardware/include
[4.300s] -- Installing: /home/justin/demo_ws/src/aprs_ros2_demo/install/fanuc_hardware/include/fanuc_hardware
[4.300s] -- Installing: /home/justin/demo_ws/src/aprs_ros2_demo/install/fanuc_hardware/include/fanuc_hardware/fanuc_hardware_interface.hpp
[4.300s] -- Installing: /home/justin/demo_ws/src/aprs_ros2_demo/install/fanuc_hardware/share/fanuc_hardware/environment/library_path.sh
[4.301s] -- Installing: /home/justin/demo_ws/src/aprs_ros2_demo/install/fanuc_hardware/share/fanuc_hardware/environment/library_path.dsv
[4.301s] -- Installing: /home/justin/demo_ws/src/aprs_ros2_demo/install/fanuc_hardware/lib/fanuc_hardware/command_publisher.py
[4.301s] -- Installing: /home/justin/demo_ws/src/aprs_ros2_demo/install/fanuc_hardware/lib/fanuc_hardware/fanuc_gripper_control.py
[4.301s] -- Installing: /home/justin/demo_ws/src/aprs_ros2_demo/install/fanuc_hardware/share/ament_index/resource_index/package_run_dependencies/fanuc_hardware
[4.301s] -- Installing: /home/justin/demo_ws/src/aprs_ros2_demo/install/fanuc_hardware/share/ament_index/resource_index/parent_prefix_path/fanuc_hardware
[4.301s] -- Installing: /home/justin/demo_ws/src/aprs_ros2_demo/install/fanuc_hardware/share/fanuc_hardware/environment/ament_prefix_path.sh
[4.301s] -- Installing: /home/justin/demo_ws/src/aprs_ros2_demo/install/fanuc_hardware/share/fanuc_hardware/environment/ament_prefix_path.dsv
[4.301s] -- Installing: /home/justin/demo_ws/src/aprs_ros2_demo/install/fanuc_hardware/share/fanuc_hardware/environment/path.sh
[4.301s] -- Installing: /home/justin/demo_ws/src/aprs_ros2_demo/install/fanuc_hardware/share/fanuc_hardware/environment/path.dsv
[4.301s] -- Installing: /home/justin/demo_ws/src/aprs_ros2_demo/install/fanuc_hardware/share/fanuc_hardware/local_setup.bash
[4.301s] -- Installing: /home/justin/demo_ws/src/aprs_ros2_demo/install/fanuc_hardware/share/fanuc_hardware/local_setup.sh
[4.301s] -- Installing: /home/justin/demo_ws/src/aprs_ros2_demo/install/fanuc_hardware/share/fanuc_hardware/local_setup.zsh
[4.301s] -- Installing: /home/justin/demo_ws/src/aprs_ros2_demo/install/fanuc_hardware/share/fanuc_hardware/local_setup.dsv
[4.301s] -- Installing: /home/justin/demo_ws/src/aprs_ros2_demo/install/fanuc_hardware/share/fanuc_hardware/package.dsv
[4.301s] -- Installing: /home/justin/demo_ws/src/aprs_ros2_demo/install/fanuc_hardware/share/ament_index/resource_index/packages/fanuc_hardware
[4.301s] -- Installing: /home/justin/demo_ws/src/aprs_ros2_demo/install/fanuc_hardware/share/ament_index/resource_index/hardware_interface__pluginlib__plugin/fanuc_hardware
[4.302s] -- Installing: /home/justin/demo_ws/src/aprs_ros2_demo/install/fanuc_hardware/share/fanuc_hardware/cmake/ament_cmake_export_include_directories-extras.cmake
[4.302s] -- Installing: /home/justin/demo_ws/src/aprs_ros2_demo/install/fanuc_hardware/share/fanuc_hardware/cmake/ament_cmake_export_libraries-extras.cmake
[4.302s] -- Installing: /home/justin/demo_ws/src/aprs_ros2_demo/install/fanuc_hardware/share/fanuc_hardware/cmake/ament_cmake_export_dependencies-extras.cmake
[4.302s] -- Installing: /home/justin/demo_ws/src/aprs_ros2_demo/install/fanuc_hardware/share/fanuc_hardware/cmake/fanuc_hardwareConfig.cmake
[4.302s] -- Installing: /home/justin/demo_ws/src/aprs_ros2_demo/install/fanuc_hardware/share/fanuc_hardware/cmake/fanuc_hardwareConfig-version.cmake
[4.302s] -- Installing: /home/justin/demo_ws/src/aprs_ros2_demo/install/fanuc_hardware/share/fanuc_hardware/package.xml
[4.302s] Invoked command in '/home/justin/demo_ws/src/aprs_ros2_demo/build/fanuc_hardware' returned '0': CMAKE_PREFIX_PATH=/opt/ros/iron /usr/bin/cmake --install /home/justin/demo_ws/src/aprs_ros2_demo/build/fanuc_hardware
