-- The C compiler identification is GNU 11.4.0
-- The CXX compiler identification is GNU 11.4.0
-- Detecting C compiler ABI info
-- Detecting C compiler ABI info - done
-- Check for working C compiler: /usr/bin/cc - skipped
-- Detecting C compile features
-- Detecting C compile features - done
-- Detecting CXX compiler ABI info
-- Detecting CXX compiler ABI info - done
-- Check for working CXX compiler: /usr/bin/c++ - skipped
-- Detecting CXX compile features
-- Detecting CXX compile features - done
-- Found ament_cmake: 2.0.6 (/opt/ros/iron/share/ament_cmake/cmake)
-- Found Python3: /usr/bin/python3.10 (found version "3.10.12") found components: Interpreter 
-- Found builtin_interfaces: 1.6.0 (/opt/ros/iron/share/builtin_interfaces/cmake)
-- Found rosidl_generator_c: 4.0.1 (/opt/ros/iron/share/rosidl_generator_c/cmake)
-- Found rosidl_generator_cpp: 4.0.1 (/opt/ros/iron/share/rosidl_generator_cpp/cmake)
-- Using all available rosidl_typesupport_c: rosidl_typesupport_fastrtps_c;rosidl_typesupport_introspection_c
-- Using all available rosidl_typesupport_cpp: rosidl_typesupport_fastrtps_cpp;rosidl_typesupport_introspection_cpp
-- Found std_msgs: 5.0.1 (/opt/ros/iron/share/std_msgs/cmake)
-- Found geometry_msgs: 5.0.1 (/opt/ros/iron/share/geometry_msgs/cmake)
-- Found rosidl_default_generators: 1.5.0 (/opt/ros/iron/share/rosidl_default_generators/cmake)
-- Found rosidl_adapter: 4.0.1 (/opt/ros/iron/share/rosidl_adapter/cmake)
-- Found ament_cmake_cppcheck: 0.14.4 (/opt/ros/iron/share/ament_cmake_cppcheck/cmake)
-- Found ament_cmake_cpplint: 0.14.4 (/opt/ros/iron/share/ament_cmake_cpplint/cmake)
-- Found ament_cmake_uncrustify: 0.14.4 (/opt/ros/iron/share/ament_cmake_uncrustify/cmake)
-- Found ament_cmake_ros: 0.11.2 (/opt/ros/iron/share/ament_cmake_ros/cmake)
-- Using all available rosidl_typesupport_c: rosidl_typesupport_fastrtps_c;rosidl_typesupport_introspection_c
-- Using all available rosidl_typesupport_cpp: rosidl_typesupport_fastrtps_cpp;rosidl_typesupport_introspection_cpp
-- Found PythonInterp: /usr/bin/python3 (found suitable version "3.10.12", minimum required is "3.6") 
-- Found python_cmake_module: 0.10.2 (/opt/ros/iron/share/python_cmake_module/cmake)
-- Found PythonLibs: /usr/lib/x86_64-linux-gnu/libpython3.10.so (found suitable version "3.10.12", minimum required is "3.5") 
-- Using PYTHON_EXECUTABLE: /usr/bin/python3
-- Using PYTHON_INCLUDE_DIRS: /usr/include/python3.10
-- Using PYTHON_LIBRARIES: /usr/lib/x86_64-linux-gnu/libpython3.10.so
-- Found PythonExtra: .so  
-- Found ament_cmake_flake8: 0.14.4 (/opt/ros/iron/share/ament_cmake_flake8/cmake)
-- Found ament_cmake_pep257: 0.14.4 (/opt/ros/iron/share/ament_cmake_pep257/cmake)
-- Configuring done
-- Generating done
-- Build files have been written to: /home/justin/demo_ws/src/aprs_ros2_demo/build/aprs_interfaces
[  1%] [34m[1mGenerating type hashes for ROS interfaces[0m
[  1%] Built target ament_cmake_python_copy_aprs_interfaces
running egg_info
creating aprs_interfaces.egg-info
writing aprs_interfaces.egg-info/PKG-INFO
writing dependency_links to aprs_interfaces.egg-info/dependency_links.txt
writing top-level names to aprs_interfaces.egg-info/top_level.txt
writing manifest file 'aprs_interfaces.egg-info/SOURCES.txt'
reading manifest file 'aprs_interfaces.egg-info/SOURCES.txt'
writing manifest file 'aprs_interfaces.egg-info/SOURCES.txt'
[  1%] Built target ament_cmake_python_build_aprs_interfaces_egg
[  1%] Built target aprs_interfaces__rosidl_generator_type_description
[  2%] [34m[1mGenerating C code for ROS interfaces[0m
[  2%] [34m[1mGenerating C++ code for ROS interfaces[0m
[  2%] Built target aprs_interfaces__cpp
[  2%] [32mBuilding C object CMakeFiles/aprs_interfaces__rosidl_generator_c.dir/rosidl_generator_c/aprs_interfaces/msg/detail/object__description.c.o[0m
[  3%] [32mBuilding C object CMakeFiles/aprs_interfaces__rosidl_generator_c.dir/rosidl_generator_c/aprs_interfaces/msg/detail/object__functions.c.o[0m
[  4%] [32mBuilding C object CMakeFiles/aprs_interfaces__rosidl_generator_c.dir/rosidl_generator_c/aprs_interfaces/msg/detail/object__type_support.c.o[0m
[  5%] [32mBuilding C object CMakeFiles/aprs_interfaces__rosidl_generator_c.dir/rosidl_generator_c/aprs_interfaces/msg/detail/objects__functions.c.o[0m
[  6%] [32mBuilding C object CMakeFiles/aprs_interfaces__rosidl_generator_c.dir/rosidl_generator_c/aprs_interfaces/msg/detail/objects__type_support.c.o[0m
[  7%] [32mBuilding C object CMakeFiles/aprs_interfaces__rosidl_generator_c.dir/rosidl_generator_c/aprs_interfaces/msg/detail/tray__description.c.o[0m
[  7%] [32mBuilding C object CMakeFiles/aprs_interfaces__rosidl_generator_c.dir/rosidl_generator_c/aprs_interfaces/msg/detail/objects__description.c.o[0m
[  8%] [32mBuilding C object CMakeFiles/aprs_interfaces__rosidl_generator_c.dir/rosidl_generator_c/aprs_interfaces/msg/detail/trays__functions.c.o[0m
[  9%] [32mBuilding C object CMakeFiles/aprs_interfaces__rosidl_generator_c.dir/rosidl_generator_c/aprs_interfaces/msg/detail/slot_info__functions.c.o[0m
[ 10%] [32mBuilding C object CMakeFiles/aprs_interfaces__rosidl_generator_c.dir/rosidl_generator_c/aprs_interfaces/msg/detail/slot_info__type_support.c.o[0m
[ 11%] [32mBuilding C object CMakeFiles/aprs_interfaces__rosidl_generator_c.dir/rosidl_generator_c/aprs_interfaces/srv/detail/move_to_named_pose__description.c.o[0m
[ 12%] [32mBuilding C object CMakeFiles/aprs_interfaces__rosidl_generator_c.dir/rosidl_generator_c/aprs_interfaces/msg/detail/tray__type_support.c.o[0m
[ 12%] [32mBuilding C object CMakeFiles/aprs_interfaces__rosidl_generator_c.dir/rosidl_generator_c/aprs_interfaces/msg/detail/tray__functions.c.o[0m
[ 13%] [32mBuilding C object CMakeFiles/aprs_interfaces__rosidl_generator_c.dir/rosidl_generator_c/aprs_interfaces/srv/detail/move_to_named_pose__type_support.c.o[0m
[ 14%] [32mBuilding C object CMakeFiles/aprs_interfaces__rosidl_generator_c.dir/rosidl_generator_c/aprs_interfaces/srv/detail/move_to_named_pose__functions.c.o[0m
[ 14%] [32mBuilding C object CMakeFiles/aprs_interfaces__rosidl_generator_c.dir/rosidl_generator_c/aprs_interfaces/msg/detail/trays__description.c.o[0m
[ 14%] [32mBuilding C object CMakeFiles/aprs_interfaces__rosidl_generator_c.dir/rosidl_generator_c/aprs_interfaces/srv/detail/pick__type_support.c.o[0m
[ 15%] [32mBuilding C object CMakeFiles/aprs_interfaces__rosidl_generator_c.dir/rosidl_generator_c/aprs_interfaces/msg/detail/trays__type_support.c.o[0m
[ 15%] [32mBuilding C object CMakeFiles/aprs_interfaces__rosidl_generator_c.dir/rosidl_generator_c/aprs_interfaces/msg/detail/slot_info__description.c.o[0m
[ 17%] [32mBuilding C object CMakeFiles/aprs_interfaces__rosidl_generator_c.dir/rosidl_generator_c/aprs_interfaces/srv/detail/pick__description.c.o[0m
[ 17%] [32mBuilding C object CMakeFiles/aprs_interfaces__rosidl_generator_c.dir/rosidl_generator_c/aprs_interfaces/srv/detail/pick__functions.c.o[0m
[ 18%] [32mBuilding C object CMakeFiles/aprs_interfaces__rosidl_generator_c.dir/rosidl_generator_c/aprs_interfaces/srv/detail/place__description.c.o[0m
[ 19%] [32mBuilding C object CMakeFiles/aprs_interfaces__rosidl_generator_c.dir/rosidl_generator_c/aprs_interfaces/srv/detail/place__functions.c.o[0m
[ 20%] [32mBuilding C object CMakeFiles/aprs_interfaces__rosidl_generator_c.dir/rosidl_generator_c/aprs_interfaces/srv/detail/place__type_support.c.o[0m
[ 21%] [32mBuilding C object CMakeFiles/aprs_interfaces__rosidl_generator_c.dir/rosidl_generator_c/aprs_interfaces/srv/detail/generate_init_state__description.c.o[0m
[ 22%] [32mBuilding C object CMakeFiles/aprs_interfaces__rosidl_generator_c.dir/rosidl_generator_c/aprs_interfaces/srv/detail/generate_init_state__type_support.c.o[0m
[ 22%] [32mBuilding C object CMakeFiles/aprs_interfaces__rosidl_generator_c.dir/rosidl_generator_c/aprs_interfaces/srv/detail/generate_plan__description.c.o[0m
[ 23%] [32mBuilding C object CMakeFiles/aprs_interfaces__rosidl_generator_c.dir/rosidl_generator_c/aprs_interfaces/srv/detail/generate_init_state__functions.c.o[0m
[ 24%] [32mBuilding C object CMakeFiles/aprs_interfaces__rosidl_generator_c.dir/rosidl_generator_c/aprs_interfaces/srv/detail/generate_plan__functions.c.o[0m
[ 26%] [32mBuilding C object CMakeFiles/aprs_interfaces__rosidl_generator_c.dir/rosidl_generator_c/aprs_interfaces/srv/detail/generate_plan__type_support.c.o[0m
[ 26%] [32mBuilding C object CMakeFiles/aprs_interfaces__rosidl_generator_c.dir/rosidl_generator_c/aprs_interfaces/action/detail/execute_plan__description.c.o[0m
[ 26%] [32mBuilding C object CMakeFiles/aprs_interfaces__rosidl_generator_c.dir/rosidl_generator_c/aprs_interfaces/action/detail/execute_plan__functions.c.o[0m
[ 26%] [32mBuilding C object CMakeFiles/aprs_interfaces__rosidl_generator_c.dir/rosidl_generator_c/aprs_interfaces/action/detail/execute_plan__type_support.c.o[0m
[ 27%] [32m[1mLinking C shared library libaprs_interfaces__rosidl_generator_c.so[0m
[ 27%] Built target aprs_interfaces__rosidl_generator_c
[ 28%] [34m[1mGenerating C++ type support dispatch for ROS interfaces[0m
[ 28%] [34m[1mGenerating C type support for eProsima Fast-RTPS[0m
[ 29%] [34m[1mGenerating C++ type support for eProsima Fast-RTPS[0m
[ 29%] [34m[1mGenerating C introspection for ROS interfaces[0m
[ 30%] [34m[1mGenerating C type support dispatch for ROS interfaces[0m
[ 31%] [34m[1mGenerating C++ introspection for ROS interfaces[0m
[ 31%] [32mBuilding CXX object CMakeFiles/aprs_interfaces__rosidl_typesupport_c.dir/rosidl_typesupport_c/aprs_interfaces/msg/object__type_support.cpp.o[0m
[ 32%] [32mBuilding CXX object CMakeFiles/aprs_interfaces__rosidl_typesupport_c.dir/rosidl_typesupport_c/aprs_interfaces/msg/trays__type_support.cpp.o[0m
[ 33%] [32mBuilding CXX object CMakeFiles/aprs_interfaces__rosidl_typesupport_c.dir/rosidl_typesupport_c/aprs_interfaces/srv/move_to_named_pose__type_support.cpp.o[0m
[ 34%] [32mBuilding CXX object CMakeFiles/aprs_interfaces__rosidl_typesupport_c.dir/rosidl_typesupport_c/aprs_interfaces/msg/objects__type_support.cpp.o[0m
[ 35%] [32mBuilding CXX object CMakeFiles/aprs_interfaces__rosidl_typesupport_c.dir/rosidl_typesupport_c/aprs_interfaces/srv/pick__type_support.cpp.o[0m
[ 37%] [32mBuilding CXX object CMakeFiles/aprs_interfaces__rosidl_typesupport_c.dir/rosidl_typesupport_c/aprs_interfaces/srv/place__type_support.cpp.o[0m
[ 37%] [32mBuilding CXX object CMakeFiles/aprs_interfaces__rosidl_typesupport_c.dir/rosidl_typesupport_c/aprs_interfaces/msg/tray__type_support.cpp.o[0m
[ 37%] [32mBuilding CXX object CMakeFiles/aprs_interfaces__rosidl_typesupport_c.dir/rosidl_typesupport_c/aprs_interfaces/msg/slot_info__type_support.cpp.o[0m
[ 37%] [32mBuilding CXX object CMakeFiles/aprs_interfaces__rosidl_typesupport_c.dir/rosidl_typesupport_c/aprs_interfaces/srv/generate_init_state__type_support.cpp.o[0m
[ 39%] [32mBuilding CXX object CMakeFiles/aprs_interfaces__rosidl_typesupport_c.dir/rosidl_typesupport_c/aprs_interfaces/action/execute_plan__type_support.cpp.o[0m
[ 39%] [32mBuilding CXX object CMakeFiles/aprs_interfaces__rosidl_typesupport_c.dir/rosidl_typesupport_c/aprs_interfaces/srv/generate_plan__type_support.cpp.o[0m
[ 41%] [32mBuilding CXX object CMakeFiles/aprs_interfaces__rosidl_typesupport_cpp.dir/rosidl_typesupport_cpp/aprs_interfaces/msg/objects__type_support.cpp.o[0m
[ 43%] [32mBuilding CXX object CMakeFiles/aprs_interfaces__rosidl_typesupport_cpp.dir/rosidl_typesupport_cpp/aprs_interfaces/msg/trays__type_support.cpp.o[0m
[ 43%] [32mBuilding CXX object CMakeFiles/aprs_interfaces__rosidl_typesupport_cpp.dir/rosidl_typesupport_cpp/aprs_interfaces/msg/tray__type_support.cpp.o[0m
[ 43%] [32mBuilding CXX object CMakeFiles/aprs_interfaces__rosidl_typesupport_cpp.dir/rosidl_typesupport_cpp/aprs_interfaces/msg/slot_info__type_support.cpp.o[0m
[ 43%] [32mBuilding CXX object CMakeFiles/aprs_interfaces__rosidl_typesupport_cpp.dir/rosidl_typesupport_cpp/aprs_interfaces/srv/move_to_named_pose__type_support.cpp.o[0m
[ 44%] [32mBuilding CXX object CMakeFiles/aprs_interfaces__rosidl_typesupport_cpp.dir/rosidl_typesupport_cpp/aprs_interfaces/srv/pick__type_support.cpp.o[0m
[ 45%] [32mBuilding CXX object CMakeFiles/aprs_interfaces__rosidl_typesupport_cpp.dir/rosidl_typesupport_cpp/aprs_interfaces/srv/generate_init_state__type_support.cpp.o[0m
[ 45%] [32mBuilding CXX object CMakeFiles/aprs_interfaces__rosidl_typesupport_cpp.dir/rosidl_typesupport_cpp/aprs_interfaces/msg/object__type_support.cpp.o[0m
[ 45%] [32mBuilding CXX object CMakeFiles/aprs_interfaces__rosidl_typesupport_cpp.dir/rosidl_typesupport_cpp/aprs_interfaces/srv/place__type_support.cpp.o[0m
[ 46%] [32mBuilding CXX object CMakeFiles/aprs_interfaces__rosidl_typesupport_cpp.dir/rosidl_typesupport_cpp/aprs_interfaces/action/execute_plan__type_support.cpp.o[0m
[ 47%] [32mBuilding CXX object CMakeFiles/aprs_interfaces__rosidl_typesupport_cpp.dir/rosidl_typesupport_cpp/aprs_interfaces/srv/generate_plan__type_support.cpp.o[0m
[ 48%] [32m[1mLinking CXX shared library libaprs_interfaces__rosidl_typesupport_c.so[0m
[ 48%] Built target aprs_interfaces__rosidl_typesupport_c
[ 50%] [32mBuilding CXX object CMakeFiles/aprs_interfaces__rosidl_typesupport_introspection_cpp.dir/rosidl_typesupport_introspection_cpp/aprs_interfaces/msg/detail/slot_info__type_support.cpp.o[0m
[ 51%] [32mBuilding CXX object CMakeFiles/aprs_interfaces__rosidl_typesupport_introspection_cpp.dir/rosidl_typesupport_introspection_cpp/aprs_interfaces/msg/detail/objects__type_support.cpp.o[0m
[ 51%] [32mBuilding CXX object CMakeFiles/aprs_interfaces__rosidl_typesupport_introspection_cpp.dir/rosidl_typesupport_introspection_cpp/aprs_interfaces/msg/detail/tray__type_support.cpp.o[0m
[ 51%] [32mBuilding CXX object CMakeFiles/aprs_interfaces__rosidl_typesupport_introspection_cpp.dir/rosidl_typesupport_introspection_cpp/aprs_interfaces/srv/detail/generate_init_state__type_support.cpp.o[0m
[ 51%] [32mBuilding CXX object CMakeFiles/aprs_interfaces__rosidl_typesupport_introspection_cpp.dir/rosidl_typesupport_introspection_cpp/aprs_interfaces/srv/detail/place__type_support.cpp.o[0m
[ 51%] [32mBuilding CXX object CMakeFiles/aprs_interfaces__rosidl_typesupport_introspection_cpp.dir/rosidl_typesupport_introspection_cpp/aprs_interfaces/msg/detail/object__type_support.cpp.o[0m
[ 52%] [32mBuilding CXX object CMakeFiles/aprs_interfaces__rosidl_typesupport_introspection_cpp.dir/rosidl_typesupport_introspection_cpp/aprs_interfaces/msg/detail/trays__type_support.cpp.o[0m
[ 53%] [32mBuilding CXX object CMakeFiles/aprs_interfaces__rosidl_typesupport_introspection_cpp.dir/rosidl_typesupport_introspection_cpp/aprs_interfaces/srv/detail/generate_plan__type_support.cpp.o[0m
[ 54%] [32mBuilding CXX object CMakeFiles/aprs_interfaces__rosidl_typesupport_introspection_cpp.dir/rosidl_typesupport_introspection_cpp/aprs_interfaces/srv/detail/move_to_named_pose__type_support.cpp.o[0m
[ 55%] [32mBuilding CXX object CMakeFiles/aprs_interfaces__rosidl_typesupport_introspection_cpp.dir/rosidl_typesupport_introspection_cpp/aprs_interfaces/srv/detail/pick__type_support.cpp.o[0m
[ 56%] [32mBuilding CXX object CMakeFiles/aprs_interfaces__rosidl_typesupport_introspection_cpp.dir/rosidl_typesupport_introspection_cpp/aprs_interfaces/action/detail/execute_plan__type_support.cpp.o[0m
[ 62%] [32mBuilding CXX object CMakeFiles/aprs_interfaces__rosidl_typesupport_fastrtps_c.dir/rosidl_typesupport_fastrtps_c/aprs_interfaces/msg/detail/object__type_support_c.cpp.o[0m
[ 62%] [32mBuilding C object CMakeFiles/aprs_interfaces__rosidl_typesupport_introspection_c.dir/rosidl_typesupport_introspection_c/aprs_interfaces/msg/detail/object__type_support.c.o[0m
[ 62%] [32mBuilding C object CMakeFiles/aprs_interfaces__rosidl_typesupport_introspection_c.dir/rosidl_typesupport_introspection_c/aprs_interfaces/msg/detail/tray__type_support.c.o[0m
[ 62%] [32mBuilding CXX object CMakeFiles/aprs_interfaces__rosidl_typesupport_fastrtps_c.dir/rosidl_typesupport_fastrtps_c/aprs_interfaces/msg/detail/tray__type_support_c.cpp.o[0m
[ 62%] [32mBuilding C object CMakeFiles/aprs_interfaces__rosidl_typesupport_introspection_c.dir/rosidl_typesupport_introspection_c/aprs_interfaces/msg/detail/objects__type_support.c.o[0m
[ 62%] [32mBuilding CXX object CMakeFiles/aprs_interfaces__rosidl_typesupport_fastrtps_c.dir/rosidl_typesupport_fastrtps_c/aprs_interfaces/msg/detail/trays__type_support_c.cpp.o[0m
[ 62%] [32mBuilding CXX object CMakeFiles/aprs_interfaces__rosidl_typesupport_fastrtps_c.dir/rosidl_typesupport_fastrtps_c/aprs_interfaces/msg/detail/objects__type_support_c.cpp.o[0m
[ 63%] [32mBuilding CXX object CMakeFiles/aprs_interfaces__rosidl_typesupport_fastrtps_c.dir/rosidl_typesupport_fastrtps_c/aprs_interfaces/msg/detail/slot_info__type_support_c.cpp.o[0m
[ 63%] [32mBuilding CXX object CMakeFiles/aprs_interfaces__rosidl_typesupport_fastrtps_cpp.dir/rosidl_typesupport_fastrtps_cpp/aprs_interfaces/msg/detail/dds_fastrtps/object__type_support.cpp.o[0m
[ 64%] [32mBuilding CXX object CMakeFiles/aprs_interfaces__rosidl_typesupport_fastrtps_c.dir/rosidl_typesupport_fastrtps_c/aprs_interfaces/srv/detail/move_to_named_pose__type_support_c.cpp.o[0m
[ 65%] [32mBuilding CXX object CMakeFiles/aprs_interfaces__rosidl_typesupport_fastrtps_c.dir/rosidl_typesupport_fastrtps_c/aprs_interfaces/srv/detail/pick__type_support_c.cpp.o[0m
[ 65%] [32mBuilding CXX object CMakeFiles/aprs_interfaces__rosidl_typesupport_fastrtps_c.dir/rosidl_typesupport_fastrtps_c/aprs_interfaces/srv/detail/place__type_support_c.cpp.o[0m
[ 65%] [32mBuilding C object CMakeFiles/aprs_interfaces__rosidl_typesupport_introspection_c.dir/rosidl_typesupport_introspection_c/aprs_interfaces/msg/detail/trays__type_support.c.o[0m
[ 66%] [32mBuilding C object CMakeFiles/aprs_interfaces__rosidl_typesupport_introspection_c.dir/rosidl_typesupport_introspection_c/aprs_interfaces/msg/detail/slot_info__type_support.c.o[0m
[ 67%] [32mBuilding CXX object CMakeFiles/aprs_interfaces__rosidl_typesupport_fastrtps_cpp.dir/rosidl_typesupport_fastrtps_cpp/aprs_interfaces/msg/detail/dds_fastrtps/objects__type_support.cpp.o[0m
[ 69%] [32mBuilding CXX object CMakeFiles/aprs_interfaces__rosidl_typesupport_fastrtps_cpp.dir/rosidl_typesupport_fastrtps_cpp/aprs_interfaces/msg/detail/dds_fastrtps/tray__type_support.cpp.o[0m
[ 69%] [32mBuilding C object CMakeFiles/aprs_interfaces__rosidl_typesupport_introspection_c.dir/rosidl_typesupport_introspection_c/aprs_interfaces/srv/detail/move_to_named_pose__type_support.c.o[0m
[ 70%] [32mBuilding CXX object CMakeFiles/aprs_interfaces__rosidl_typesupport_fastrtps_cpp.dir/rosidl_typesupport_fastrtps_cpp/aprs_interfaces/msg/detail/dds_fastrtps/trays__type_support.cpp.o[0m
[ 70%] [32mBuilding CXX object CMakeFiles/aprs_interfaces__rosidl_typesupport_fastrtps_cpp.dir/rosidl_typesupport_fastrtps_cpp/aprs_interfaces/msg/detail/dds_fastrtps/slot_info__type_support.cpp.o[0m
[ 71%] [32mBuilding C object CMakeFiles/aprs_interfaces__rosidl_typesupport_introspection_c.dir/rosidl_typesupport_introspection_c/aprs_interfaces/srv/detail/pick__type_support.c.o[0m
[ 71%] [32mBuilding C object CMakeFiles/aprs_interfaces__rosidl_typesupport_introspection_c.dir/rosidl_typesupport_introspection_c/aprs_interfaces/srv/detail/place__type_support.c.o[0m
[ 72%] [32mBuilding C object CMakeFiles/aprs_interfaces__rosidl_typesupport_introspection_c.dir/rosidl_typesupport_introspection_c/aprs_interfaces/srv/detail/generate_init_state__type_support.c.o[0m
[ 73%] [32mBuilding CXX object CMakeFiles/aprs_interfaces__rosidl_typesupport_fastrtps_c.dir/rosidl_typesupport_fastrtps_c/aprs_interfaces/srv/detail/generate_init_state__type_support_c.cpp.o[0m
[ 74%] [32mBuilding CXX object CMakeFiles/aprs_interfaces__rosidl_typesupport_fastrtps_cpp.dir/rosidl_typesupport_fastrtps_cpp/aprs_interfaces/srv/detail/dds_fastrtps/move_to_named_pose__type_support.cpp.o[0m
[ 75%] [32mBuilding CXX object CMakeFiles/aprs_interfaces__rosidl_typesupport_fastrtps_cpp.dir/rosidl_typesupport_fastrtps_cpp/aprs_interfaces/srv/detail/dds_fastrtps/pick__type_support.cpp.o[0m
[ 76%] [32mBuilding C object CMakeFiles/aprs_interfaces__rosidl_typesupport_introspection_c.dir/rosidl_typesupport_introspection_c/aprs_interfaces/srv/detail/generate_plan__type_support.c.o[0m
[ 77%] [32mBuilding C object CMakeFiles/aprs_interfaces__rosidl_typesupport_introspection_c.dir/rosidl_typesupport_introspection_c/aprs_interfaces/action/detail/execute_plan__type_support.c.o[0m
[ 79%] [32mBuilding CXX object CMakeFiles/aprs_interfaces__rosidl_typesupport_fastrtps_c.dir/rosidl_typesupport_fastrtps_c/aprs_interfaces/srv/detail/generate_plan__type_support_c.cpp.o[0m
[ 79%] [32mBuilding CXX object CMakeFiles/aprs_interfaces__rosidl_typesupport_fastrtps_cpp.dir/rosidl_typesupport_fastrtps_cpp/aprs_interfaces/srv/detail/dds_fastrtps/place__type_support.cpp.o[0m
[ 80%] [32mBuilding CXX object CMakeFiles/aprs_interfaces__rosidl_typesupport_fastrtps_c.dir/rosidl_typesupport_fastrtps_c/aprs_interfaces/action/detail/execute_plan__type_support_c.cpp.o[0m
[ 80%] [32mBuilding CXX object CMakeFiles/aprs_interfaces__rosidl_typesupport_fastrtps_cpp.dir/rosidl_typesupport_fastrtps_cpp/aprs_interfaces/srv/detail/dds_fastrtps/generate_init_state__type_support.cpp.o[0m
[ 81%] [32mBuilding CXX object CMakeFiles/aprs_interfaces__rosidl_typesupport_fastrtps_cpp.dir/rosidl_typesupport_fastrtps_cpp/aprs_interfaces/srv/detail/dds_fastrtps/generate_plan__type_support.cpp.o[0m
[ 81%] [32m[1mLinking C shared library libaprs_interfaces__rosidl_typesupport_introspection_c.so[0m
[ 82%] [32mBuilding CXX object CMakeFiles/aprs_interfaces__rosidl_typesupport_fastrtps_cpp.dir/rosidl_typesupport_fastrtps_cpp/aprs_interfaces/action/detail/dds_fastrtps/execute_plan__type_support.cpp.o[0m
[ 82%] Built target aprs_interfaces__rosidl_typesupport_introspection_c
[ 83%] [32m[1mLinking CXX shared library libaprs_interfaces__rosidl_typesupport_cpp.so[0m
[ 83%] Built target aprs_interfaces__rosidl_typesupport_cpp
[ 84%] [32m[1mLinking CXX shared library libaprs_interfaces__rosidl_typesupport_introspection_cpp.so[0m
[ 84%] [32m[1mLinking CXX shared library libaprs_interfaces__rosidl_typesupport_fastrtps_c.so[0m
[ 84%] Built target aprs_interfaces__rosidl_typesupport_introspection_cpp
[ 84%] Built target aprs_interfaces__rosidl_typesupport_fastrtps_c
[ 85%] [32m[1mLinking CXX shared library libaprs_interfaces__rosidl_typesupport_fastrtps_cpp.so[0m
[ 85%] Built target aprs_interfaces__rosidl_typesupport_fastrtps_cpp
[ 85%] Built target aprs_interfaces
[ 86%] [34m[1mGenerating Python code for ROS interfaces[0m
[ 86%] Built target aprs_interfaces__py
[ 89%] [32mBuilding C object CMakeFiles/aprs_interfaces__rosidl_generator_py.dir/rosidl_generator_py/aprs_interfaces/srv/_pick_s.c.o[0m
[ 89%] [32mBuilding C object CMakeFiles/aprs_interfaces__rosidl_generator_py.dir/rosidl_generator_py/aprs_interfaces/msg/_objects_s.c.o[0m
[ 89%] [32mBuilding C object CMakeFiles/aprs_interfaces__rosidl_generator_py.dir/rosidl_generator_py/aprs_interfaces/msg/_tray_s.c.o[0m
[ 91%] [32mBuilding C object CMakeFiles/aprs_interfaces__rosidl_generator_py.dir/rosidl_generator_py/aprs_interfaces/msg/_trays_s.c.o[0m
[ 91%] [32mBuilding C object CMakeFiles/aprs_interfaces__rosidl_generator_py.dir/rosidl_generator_py/aprs_interfaces/srv/_move_to_named_pose_s.c.o[0m
[ 91%] [32mBuilding C object CMakeFiles/aprs_interfaces__rosidl_generator_py.dir/rosidl_generator_py/aprs_interfaces/msg/_object_s.c.o[0m
[ 91%] [32mBuilding C object CMakeFiles/aprs_interfaces__rosidl_generator_py.dir/rosidl_generator_py/aprs_interfaces/msg/_slot_info_s.c.o[0m
[ 92%] [32mBuilding C object CMakeFiles/aprs_interfaces__rosidl_generator_py.dir/rosidl_generator_py/aprs_interfaces/srv/_place_s.c.o[0m
[ 93%] [32mBuilding C object CMakeFiles/aprs_interfaces__rosidl_generator_py.dir/rosidl_generator_py/aprs_interfaces/srv/_generate_init_state_s.c.o[0m
[ 94%] [32mBuilding C object CMakeFiles/aprs_interfaces__rosidl_generator_py.dir/rosidl_generator_py/aprs_interfaces/action/_execute_plan_s.c.o[0m
[ 94%] [32mBuilding C object CMakeFiles/aprs_interfaces__rosidl_generator_py.dir/rosidl_generator_py/aprs_interfaces/srv/_generate_plan_s.c.o[0m
[ 95%] [32m[1mLinking C shared library rosidl_generator_py/aprs_interfaces/libaprs_interfaces__rosidl_generator_py.so[0m
[ 95%] Built target aprs_interfaces__rosidl_generator_py
[ 96%] [32mBuilding C object CMakeFiles/aprs_interfaces__rosidl_typesupport_fastrtps_c__pyext.dir/rosidl_generator_py/aprs_interfaces/_aprs_interfaces_s.ep.rosidl_typesupport_fastrtps_c.c.o[0m
[ 97%] [32mBuilding C object CMakeFiles/aprs_interfaces__rosidl_typesupport_introspection_c__pyext.dir/rosidl_generator_py/aprs_interfaces/_aprs_interfaces_s.ep.rosidl_typesupport_introspection_c.c.o[0m
[ 97%] [32mBuilding C object CMakeFiles/aprs_interfaces__rosidl_typesupport_c__pyext.dir/rosidl_generator_py/aprs_interfaces/_aprs_interfaces_s.ep.rosidl_typesupport_c.c.o[0m
[ 99%] [32m[1mLinking C shared library rosidl_generator_py/aprs_interfaces/aprs_interfaces_s__rosidl_typesupport_introspection_c.cpython-310-x86_64-linux-gnu.so[0m
[ 99%] [32m[1mLinking C shared library rosidl_generator_py/aprs_interfaces/aprs_interfaces_s__rosidl_typesupport_fastrtps_c.cpython-310-x86_64-linux-gnu.so[0m
[100%] [32m[1mLinking C shared library rosidl_generator_py/aprs_interfaces/aprs_interfaces_s__rosidl_typesupport_c.cpython-310-x86_64-linux-gnu.so[0m
[100%] Built target aprs_interfaces__rosidl_typesupport_introspection_c__pyext
[100%] Built target aprs_interfaces__rosidl_typesupport_fastrtps_c__pyext
[100%] Built target aprs_interfaces__rosidl_typesupport_c__pyext
-- Install configuration: ""
-- Installing: /home/justin/demo_ws/src/aprs_ros2_demo/install/aprs_interfaces/share/ament_index/resource_index/rosidl_interfaces/aprs_interfaces
-- Installing: /home/justin/demo_ws/src/aprs_ros2_demo/install/aprs_interfaces/share/aprs_interfaces/msg/Object.json
-- Installing: /home/justin/demo_ws/src/aprs_ros2_demo/install/aprs_interfaces/share/aprs_interfaces/msg/Objects.json
-- Installing: /home/justin/demo_ws/src/aprs_ros2_demo/install/aprs_interfaces/share/aprs_interfaces/msg/Tray.json
-- Installing: /home/justin/demo_ws/src/aprs_ros2_demo/install/aprs_interfaces/share/aprs_interfaces/msg/Trays.json
-- Installing: /home/justin/demo_ws/src/aprs_ros2_demo/install/aprs_interfaces/share/aprs_interfaces/msg/SlotInfo.json
-- Installing: /home/justin/demo_ws/src/aprs_ros2_demo/install/aprs_interfaces/share/aprs_interfaces/srv/MoveToNamedPose.json
-- Installing: /home/justin/demo_ws/src/aprs_ros2_demo/install/aprs_interfaces/share/aprs_interfaces/srv/Pick.json
-- Installing: /home/justin/demo_ws/src/aprs_ros2_demo/install/aprs_interfaces/share/aprs_interfaces/srv/Place.json
-- Installing: /home/justin/demo_ws/src/aprs_ros2_demo/install/aprs_interfaces/share/aprs_interfaces/srv/GenerateInitState.json
-- Installing: /home/justin/demo_ws/src/aprs_ros2_demo/install/aprs_interfaces/share/aprs_interfaces/srv/GeneratePlan.json
-- Installing: /home/justin/demo_ws/src/aprs_ros2_demo/install/aprs_interfaces/share/aprs_interfaces/action/ExecutePlan.json
-- Installing: /home/justin/demo_ws/src/aprs_ros2_demo/install/aprs_interfaces/include/aprs_interfaces/aprs_interfaces
-- Installing: /home/justin/demo_ws/src/aprs_ros2_demo/install/aprs_interfaces/include/aprs_interfaces/aprs_interfaces/srv
-- Installing: /home/justin/demo_ws/src/aprs_ros2_demo/install/aprs_interfaces/include/aprs_interfaces/aprs_interfaces/srv/generate_plan.h
-- Installing: /home/justin/demo_ws/src/aprs_ros2_demo/install/aprs_interfaces/include/aprs_interfaces/aprs_interfaces/srv/generate_init_state.h
-- Installing: /home/justin/demo_ws/src/aprs_ros2_demo/install/aprs_interfaces/include/aprs_interfaces/aprs_interfaces/srv/move_to_named_pose.h
-- Installing: /home/justin/demo_ws/src/aprs_ros2_demo/install/aprs_interfaces/include/aprs_interfaces/aprs_interfaces/srv/pick.h
-- Installing: /home/justin/demo_ws/src/aprs_ros2_demo/install/aprs_interfaces/include/aprs_interfaces/aprs_interfaces/srv/detail
-- Installing: /home/justin/demo_ws/src/aprs_ros2_demo/install/aprs_interfaces/include/aprs_interfaces/aprs_interfaces/srv/detail/place__type_support.h
-- Installing: /home/justin/demo_ws/src/aprs_ros2_demo/install/aprs_interfaces/include/aprs_interfaces/aprs_interfaces/srv/detail/move_to_named_pose__type_support.c
-- Installing: /home/justin/demo_ws/src/aprs_ros2_demo/install/aprs_interfaces/include/aprs_interfaces/aprs_interfaces/srv/detail/pick__description.c
-- Installing: /home/justin/demo_ws/src/aprs_ros2_demo/install/aprs_interfaces/include/aprs_interfaces/aprs_interfaces/srv/detail/move_to_named_pose__struct.h
-- Installing: /home/justin/demo_ws/src/aprs_ros2_demo/install/aprs_interfaces/include/aprs_interfaces/aprs_interfaces/srv/detail/place__type_support.c
-- Installing: /home/justin/demo_ws/src/aprs_ros2_demo/install/aprs_interfaces/include/aprs_interfaces/aprs_interfaces/srv/detail/pick__type_support.h
-- Installing: /home/justin/demo_ws/src/aprs_ros2_demo/install/aprs_interfaces/include/aprs_interfaces/aprs_interfaces/srv/detail/generate_init_state__type_support.c
-- Installing: /home/justin/demo_ws/src/aprs_ros2_demo/install/aprs_interfaces/include/aprs_interfaces/aprs_interfaces/srv/detail/pick__struct.h
-- Installing: /home/justin/demo_ws/src/aprs_ros2_demo/install/aprs_interfaces/include/aprs_interfaces/aprs_interfaces/srv/detail/generate_plan__type_support.h
-- Installing: /home/justin/demo_ws/src/aprs_ros2_demo/install/aprs_interfaces/include/aprs_interfaces/aprs_interfaces/srv/detail/place__functions.h
-- Installing: /home/justin/demo_ws/src/aprs_ros2_demo/install/aprs_interfaces/include/aprs_interfaces/aprs_interfaces/srv/detail/generate_init_state__description.c
-- Installing: /home/justin/demo_ws/src/aprs_ros2_demo/install/aprs_interfaces/include/aprs_interfaces/aprs_interfaces/srv/detail/move_to_named_pose__description.c
-- Installing: /home/justin/demo_ws/src/aprs_ros2_demo/install/aprs_interfaces/include/aprs_interfaces/aprs_interfaces/srv/detail/generate_plan__functions.h
-- Installing: /home/justin/demo_ws/src/aprs_ros2_demo/install/aprs_interfaces/include/aprs_interfaces/aprs_interfaces/srv/detail/pick__functions.h
-- Installing: /home/justin/demo_ws/src/aprs_ros2_demo/install/aprs_interfaces/include/aprs_interfaces/aprs_interfaces/srv/detail/generate_init_state__struct.h
-- Installing: /home/justin/demo_ws/src/aprs_ros2_demo/install/aprs_interfaces/include/aprs_interfaces/aprs_interfaces/srv/detail/generate_init_state__type_support.h
-- Installing: /home/justin/demo_ws/src/aprs_ros2_demo/install/aprs_interfaces/include/aprs_interfaces/aprs_interfaces/srv/detail/generate_init_state__functions.h
-- Installing: /home/justin/demo_ws/src/aprs_ros2_demo/install/aprs_interfaces/include/aprs_interfaces/aprs_interfaces/srv/detail/generate_init_state__functions.c
-- Installing: /home/justin/demo_ws/src/aprs_ros2_demo/install/aprs_interfaces/include/aprs_interfaces/aprs_interfaces/srv/detail/place__struct.h
-- Installing: /home/justin/demo_ws/src/aprs_ros2_demo/install/aprs_interfaces/include/aprs_interfaces/aprs_interfaces/srv/detail/pick__functions.c
-- Installing: /home/justin/demo_ws/src/aprs_ros2_demo/install/aprs_interfaces/include/aprs_interfaces/aprs_interfaces/srv/detail/generate_plan__struct.h
-- Installing: /home/justin/demo_ws/src/aprs_ros2_demo/install/aprs_interfaces/include/aprs_interfaces/aprs_interfaces/srv/detail/place__functions.c
-- Installing: /home/justin/demo_ws/src/aprs_ros2_demo/install/aprs_interfaces/include/aprs_interfaces/aprs_interfaces/srv/detail/move_to_named_pose__type_support.h
-- Installing: /home/justin/demo_ws/src/aprs_ros2_demo/install/aprs_interfaces/include/aprs_interfaces/aprs_interfaces/srv/detail/place__description.c
-- Installing: /home/justin/demo_ws/src/aprs_ros2_demo/install/aprs_interfaces/include/aprs_interfaces/aprs_interfaces/srv/detail/move_to_named_pose__functions.c
-- Installing: /home/justin/demo_ws/src/aprs_ros2_demo/install/aprs_interfaces/include/aprs_interfaces/aprs_interfaces/srv/detail/pick__type_support.c
-- Installing: /home/justin/demo_ws/src/aprs_ros2_demo/install/aprs_interfaces/include/aprs_interfaces/aprs_interfaces/srv/detail/generate_plan__type_support.c
-- Installing: /home/justin/demo_ws/src/aprs_ros2_demo/install/aprs_interfaces/include/aprs_interfaces/aprs_interfaces/srv/detail/generate_plan__description.c
-- Installing: /home/justin/demo_ws/src/aprs_ros2_demo/install/aprs_interfaces/include/aprs_interfaces/aprs_interfaces/srv/detail/generate_plan__functions.c
-- Installing: /home/justin/demo_ws/src/aprs_ros2_demo/install/aprs_interfaces/include/aprs_interfaces/aprs_interfaces/srv/detail/move_to_named_pose__functions.h
-- Installing: /home/justin/demo_ws/src/aprs_ros2_demo/install/aprs_interfaces/include/aprs_interfaces/aprs_interfaces/srv/place.h
-- Installing: /home/justin/demo_ws/src/aprs_ros2_demo/install/aprs_interfaces/include/aprs_interfaces/aprs_interfaces/action
-- Installing: /home/justin/demo_ws/src/aprs_ros2_demo/install/aprs_interfaces/include/aprs_interfaces/aprs_interfaces/action/execute_plan.h
-- Installing: /home/justin/demo_ws/src/aprs_ros2_demo/install/aprs_interfaces/include/aprs_interfaces/aprs_interfaces/action/detail
-- Installing: /home/justin/demo_ws/src/aprs_ros2_demo/install/aprs_interfaces/include/aprs_interfaces/aprs_interfaces/action/detail/execute_plan__description.c
-- Installing: /home/justin/demo_ws/src/aprs_ros2_demo/install/aprs_interfaces/include/aprs_interfaces/aprs_interfaces/action/detail/execute_plan__struct.h
-- Installing: /home/justin/demo_ws/src/aprs_ros2_demo/install/aprs_interfaces/include/aprs_interfaces/aprs_interfaces/action/detail/execute_plan__functions.c
-- Installing: /home/justin/demo_ws/src/aprs_ros2_demo/install/aprs_interfaces/include/aprs_interfaces/aprs_interfaces/action/detail/execute_plan__type_support.h
-- Installing: /home/justin/demo_ws/src/aprs_ros2_demo/install/aprs_interfaces/include/aprs_interfaces/aprs_interfaces/action/detail/execute_plan__functions.h
-- Installing: /home/justin/demo_ws/src/aprs_ros2_demo/install/aprs_interfaces/include/aprs_interfaces/aprs_interfaces/action/detail/execute_plan__type_support.c
-- Installing: /home/justin/demo_ws/src/aprs_ros2_demo/install/aprs_interfaces/include/aprs_interfaces/aprs_interfaces/msg
-- Installing: /home/justin/demo_ws/src/aprs_ros2_demo/install/aprs_interfaces/include/aprs_interfaces/aprs_interfaces/msg/objects.h
-- Installing: /home/justin/demo_ws/src/aprs_ros2_demo/install/aprs_interfaces/include/aprs_interfaces/aprs_interfaces/msg/rosidl_generator_c__visibility_control.h
-- Installing: /home/justin/demo_ws/src/aprs_ros2_demo/install/aprs_interfaces/include/aprs_interfaces/aprs_interfaces/msg/slot_info.h
-- Installing: /home/justin/demo_ws/src/aprs_ros2_demo/install/aprs_interfaces/include/aprs_interfaces/aprs_interfaces/msg/detail
-- Installing: /home/justin/demo_ws/src/aprs_ros2_demo/install/aprs_interfaces/include/aprs_interfaces/aprs_interfaces/msg/detail/object__functions.c
-- Installing: /home/justin/demo_ws/src/aprs_ros2_demo/install/aprs_interfaces/include/aprs_interfaces/aprs_interfaces/msg/detail/trays__functions.c
-- Installing: /home/justin/demo_ws/src/aprs_ros2_demo/install/aprs_interfaces/include/aprs_interfaces/aprs_interfaces/msg/detail/slot_info__struct.h
-- Installing: /home/justin/demo_ws/src/aprs_ros2_demo/install/aprs_interfaces/include/aprs_interfaces/aprs_interfaces/msg/detail/trays__functions.h
-- Installing: /home/justin/demo_ws/src/aprs_ros2_demo/install/aprs_interfaces/include/aprs_interfaces/aprs_interfaces/msg/detail/object__type_support.h
-- Installing: /home/justin/demo_ws/src/aprs_ros2_demo/install/aprs_interfaces/include/aprs_interfaces/aprs_interfaces/msg/detail/objects__struct.h
-- Installing: /home/justin/demo_ws/src/aprs_ros2_demo/install/aprs_interfaces/include/aprs_interfaces/aprs_interfaces/msg/detail/objects__description.c
-- Installing: /home/justin/demo_ws/src/aprs_ros2_demo/install/aprs_interfaces/include/aprs_interfaces/aprs_interfaces/msg/detail/tray__struct.h
-- Installing: /home/justin/demo_ws/src/aprs_ros2_demo/install/aprs_interfaces/include/aprs_interfaces/aprs_interfaces/msg/detail/objects__type_support.c
-- Installing: /home/justin/demo_ws/src/aprs_ros2_demo/install/aprs_interfaces/include/aprs_interfaces/aprs_interfaces/msg/detail/tray__description.c
-- Installing: /home/justin/demo_ws/src/aprs_ros2_demo/install/aprs_interfaces/include/aprs_interfaces/aprs_interfaces/msg/detail/trays__type_support.c
-- Installing: /home/justin/demo_ws/src/aprs_ros2_demo/install/aprs_interfaces/include/aprs_interfaces/aprs_interfaces/msg/detail/objects__functions.c
-- Installing: /home/justin/demo_ws/src/aprs_ros2_demo/install/aprs_interfaces/include/aprs_interfaces/aprs_interfaces/msg/detail/tray__type_support.h
-- Installing: /home/justin/demo_ws/src/aprs_ros2_demo/install/aprs_interfaces/include/aprs_interfaces/aprs_interfaces/msg/detail/tray__functions.c
-- Installing: /home/justin/demo_ws/src/aprs_ros2_demo/install/aprs_interfaces/include/aprs_interfaces/aprs_interfaces/msg/detail/slot_info__functions.h
-- Installing: /home/justin/demo_ws/src/aprs_ros2_demo/install/aprs_interfaces/include/aprs_interfaces/aprs_interfaces/msg/detail/object__functions.h
-- Installing: /home/justin/demo_ws/src/aprs_ros2_demo/install/aprs_interfaces/include/aprs_interfaces/aprs_interfaces/msg/detail/objects__functions.h
-- Installing: /home/justin/demo_ws/src/aprs_ros2_demo/install/aprs_interfaces/include/aprs_interfaces/aprs_interfaces/msg/detail/tray__functions.h
-- Installing: /home/justin/demo_ws/src/aprs_ros2_demo/install/aprs_interfaces/include/aprs_interfaces/aprs_interfaces/msg/detail/trays__description.c
-- Installing: /home/justin/demo_ws/src/aprs_ros2_demo/install/aprs_interfaces/include/aprs_interfaces/aprs_interfaces/msg/detail/object__type_support.c
-- Installing: /home/justin/demo_ws/src/aprs_ros2_demo/install/aprs_interfaces/include/aprs_interfaces/aprs_interfaces/msg/detail/objects__type_support.h
-- Installing: /home/justin/demo_ws/src/aprs_ros2_demo/install/aprs_interfaces/include/aprs_interfaces/aprs_interfaces/msg/detail/slot_info__description.c
-- Installing: /home/justin/demo_ws/src/aprs_ros2_demo/install/aprs_interfaces/include/aprs_interfaces/aprs_interfaces/msg/detail/trays__struct.h
-- Installing: /home/justin/demo_ws/src/aprs_ros2_demo/install/aprs_interfaces/include/aprs_interfaces/aprs_interfaces/msg/detail/object__description.c
-- Installing: /home/justin/demo_ws/src/aprs_ros2_demo/install/aprs_interfaces/include/aprs_interfaces/aprs_interfaces/msg/detail/object__struct.h
-- Installing: /home/justin/demo_ws/src/aprs_ros2_demo/install/aprs_interfaces/include/aprs_interfaces/aprs_interfaces/msg/detail/slot_info__functions.c
-- Installing: /home/justin/demo_ws/src/aprs_ros2_demo/install/aprs_interfaces/include/aprs_interfaces/aprs_interfaces/msg/detail/trays__type_support.h
-- Installing: /home/justin/demo_ws/src/aprs_ros2_demo/install/aprs_interfaces/include/aprs_interfaces/aprs_interfaces/msg/detail/slot_info__type_support.c
-- Installing: /home/justin/demo_ws/src/aprs_ros2_demo/install/aprs_interfaces/include/aprs_interfaces/aprs_interfaces/msg/detail/slot_info__type_support.h
-- Installing: /home/justin/demo_ws/src/aprs_ros2_demo/install/aprs_interfaces/include/aprs_interfaces/aprs_interfaces/msg/detail/tray__type_support.c
-- Installing: /home/justin/demo_ws/src/aprs_ros2_demo/install/aprs_interfaces/include/aprs_interfaces/aprs_interfaces/msg/trays.h
-- Installing: /home/justin/demo_ws/src/aprs_ros2_demo/install/aprs_interfaces/include/aprs_interfaces/aprs_interfaces/msg/tray.h
-- Installing: /home/justin/demo_ws/src/aprs_ros2_demo/install/aprs_interfaces/include/aprs_interfaces/aprs_interfaces/msg/object.h
-- Installing: /home/justin/demo_ws/src/aprs_ros2_demo/install/aprs_interfaces/share/aprs_interfaces/environment/library_path.sh
-- Installing: /home/justin/demo_ws/src/aprs_ros2_demo/install/aprs_interfaces/share/aprs_interfaces/environment/library_path.dsv
-- Installing: /home/justin/demo_ws/src/aprs_ros2_demo/install/aprs_interfaces/lib/libaprs_interfaces__rosidl_generator_c.so
-- Set runtime path of "/home/justin/demo_ws/src/aprs_ros2_demo/install/aprs_interfaces/lib/libaprs_interfaces__rosidl_generator_c.so" to ""
-- Up-to-date: /home/justin/demo_ws/src/aprs_ros2_demo/install/aprs_interfaces/include/aprs_interfaces/aprs_interfaces
-- Up-to-date: /home/justin/demo_ws/src/aprs_ros2_demo/install/aprs_interfaces/include/aprs_interfaces/aprs_interfaces/srv
-- Up-to-date: /home/justin/demo_ws/src/aprs_ros2_demo/install/aprs_interfaces/include/aprs_interfaces/aprs_interfaces/srv/detail
-- Installing: /home/justin/demo_ws/src/aprs_ros2_demo/install/aprs_interfaces/include/aprs_interfaces/aprs_interfaces/srv/detail/pick__rosidl_typesupport_fastrtps_c.h
-- Installing: /home/justin/demo_ws/src/aprs_ros2_demo/install/aprs_interfaces/include/aprs_interfaces/aprs_interfaces/srv/detail/move_to_named_pose__rosidl_typesupport_fastrtps_c.h
-- Installing: /home/justin/demo_ws/src/aprs_ros2_demo/install/aprs_interfaces/include/aprs_interfaces/aprs_interfaces/srv/detail/generate_init_state__rosidl_typesupport_fastrtps_c.h
-- Installing: /home/justin/demo_ws/src/aprs_ros2_demo/install/aprs_interfaces/include/aprs_interfaces/aprs_interfaces/srv/detail/place__rosidl_typesupport_fastrtps_c.h
-- Installing: /home/justin/demo_ws/src/aprs_ros2_demo/install/aprs_interfaces/include/aprs_interfaces/aprs_interfaces/srv/detail/generate_plan__rosidl_typesupport_fastrtps_c.h
-- Up-to-date: /home/justin/demo_ws/src/aprs_ros2_demo/install/aprs_interfaces/include/aprs_interfaces/aprs_interfaces/action
-- Up-to-date: /home/justin/demo_ws/src/aprs_ros2_demo/install/aprs_interfaces/include/aprs_interfaces/aprs_interfaces/action/detail
-- Installing: /home/justin/demo_ws/src/aprs_ros2_demo/install/aprs_interfaces/include/aprs_interfaces/aprs_interfaces/action/detail/execute_plan__rosidl_typesupport_fastrtps_c.h
-- Up-to-date: /home/justin/demo_ws/src/aprs_ros2_demo/install/aprs_interfaces/include/aprs_interfaces/aprs_interfaces/msg
-- Installing: /home/justin/demo_ws/src/aprs_ros2_demo/install/aprs_interfaces/include/aprs_interfaces/aprs_interfaces/msg/rosidl_typesupport_fastrtps_c__visibility_control.h
-- Up-to-date: /home/justin/demo_ws/src/aprs_ros2_demo/install/aprs_interfaces/include/aprs_interfaces/aprs_interfaces/msg/detail
-- Installing: /home/justin/demo_ws/src/aprs_ros2_demo/install/aprs_interfaces/include/aprs_interfaces/aprs_interfaces/msg/detail/trays__rosidl_typesupport_fastrtps_c.h
-- Installing: /home/justin/demo_ws/src/aprs_ros2_demo/install/aprs_interfaces/include/aprs_interfaces/aprs_interfaces/msg/detail/objects__rosidl_typesupport_fastrtps_c.h
-- Installing: /home/justin/demo_ws/src/aprs_ros2_demo/install/aprs_interfaces/include/aprs_interfaces/aprs_interfaces/msg/detail/tray__rosidl_typesupport_fastrtps_c.h
-- Installing: /home/justin/demo_ws/src/aprs_ros2_demo/install/aprs_interfaces/include/aprs_interfaces/aprs_interfaces/msg/detail/object__rosidl_typesupport_fastrtps_c.h
-- Installing: /home/justin/demo_ws/src/aprs_ros2_demo/install/aprs_interfaces/include/aprs_interfaces/aprs_interfaces/msg/detail/slot_info__rosidl_typesupport_fastrtps_c.h
-- Installing: /home/justin/demo_ws/src/aprs_ros2_demo/install/aprs_interfaces/lib/libaprs_interfaces__rosidl_typesupport_fastrtps_c.so
-- Set runtime path of "/home/justin/demo_ws/src/aprs_ros2_demo/install/aprs_interfaces/lib/libaprs_interfaces__rosidl_typesupport_fastrtps_c.so" to ""
-- Up-to-date: /home/justin/demo_ws/src/aprs_ros2_demo/install/aprs_interfaces/include/aprs_interfaces/aprs_interfaces
-- Up-to-date: /home/justin/demo_ws/src/aprs_ros2_demo/install/aprs_interfaces/include/aprs_interfaces/aprs_interfaces/srv
-- Installing: /home/justin/demo_ws/src/aprs_ros2_demo/install/aprs_interfaces/include/aprs_interfaces/aprs_interfaces/srv/generate_init_state.hpp
-- Installing: /home/justin/demo_ws/src/aprs_ros2_demo/install/aprs_interfaces/include/aprs_interfaces/aprs_interfaces/srv/move_to_named_pose.hpp
-- Installing: /home/justin/demo_ws/src/aprs_ros2_demo/install/aprs_interfaces/include/aprs_interfaces/aprs_interfaces/srv/pick.hpp
-- Installing: /home/justin/demo_ws/src/aprs_ros2_demo/install/aprs_interfaces/include/aprs_interfaces/aprs_interfaces/srv/generate_plan.hpp
-- Up-to-date: /home/justin/demo_ws/src/aprs_ros2_demo/install/aprs_interfaces/include/aprs_interfaces/aprs_interfaces/srv/detail
-- Installing: /home/justin/demo_ws/src/aprs_ros2_demo/install/aprs_interfaces/include/aprs_interfaces/aprs_interfaces/srv/detail/generate_plan__struct.hpp
-- Installing: /home/justin/demo_ws/src/aprs_ros2_demo/install/aprs_interfaces/include/aprs_interfaces/aprs_interfaces/srv/detail/pick__traits.hpp
-- Installing: /home/justin/demo_ws/src/aprs_ros2_demo/install/aprs_interfaces/include/aprs_interfaces/aprs_interfaces/srv/detail/generate_plan__traits.hpp
-- Installing: /home/justin/demo_ws/src/aprs_ros2_demo/install/aprs_interfaces/include/aprs_interfaces/aprs_interfaces/srv/detail/place__builder.hpp
-- Installing: /home/justin/demo_ws/src/aprs_ros2_demo/install/aprs_interfaces/include/aprs_interfaces/aprs_interfaces/srv/detail/generate_init_state__traits.hpp
-- Installing: /home/justin/demo_ws/src/aprs_ros2_demo/install/aprs_interfaces/include/aprs_interfaces/aprs_interfaces/srv/detail/pick__struct.hpp
-- Installing: /home/justin/demo_ws/src/aprs_ros2_demo/install/aprs_interfaces/include/aprs_interfaces/aprs_interfaces/srv/detail/generate_plan__builder.hpp
-- Installing: /home/justin/demo_ws/src/aprs_ros2_demo/install/aprs_interfaces/include/aprs_interfaces/aprs_interfaces/srv/detail/generate_init_state__struct.hpp
-- Installing: /home/justin/demo_ws/src/aprs_ros2_demo/install/aprs_interfaces/include/aprs_interfaces/aprs_interfaces/srv/detail/place__struct.hpp
-- Installing: /home/justin/demo_ws/src/aprs_ros2_demo/install/aprs_interfaces/include/aprs_interfaces/aprs_interfaces/srv/detail/move_to_named_pose__traits.hpp
-- Installing: /home/justin/demo_ws/src/aprs_ros2_demo/install/aprs_interfaces/include/aprs_interfaces/aprs_interfaces/srv/detail/generate_init_state__builder.hpp
-- Installing: /home/justin/demo_ws/src/aprs_ros2_demo/install/aprs_interfaces/include/aprs_interfaces/aprs_interfaces/srv/detail/move_to_named_pose__struct.hpp
-- Installing: /home/justin/demo_ws/src/aprs_ros2_demo/install/aprs_interfaces/include/aprs_interfaces/aprs_interfaces/srv/detail/place__traits.hpp
-- Installing: /home/justin/demo_ws/src/aprs_ros2_demo/install/aprs_interfaces/include/aprs_interfaces/aprs_interfaces/srv/detail/pick__builder.hpp
-- Installing: /home/justin/demo_ws/src/aprs_ros2_demo/install/aprs_interfaces/include/aprs_interfaces/aprs_interfaces/srv/detail/move_to_named_pose__builder.hpp
-- Installing: /home/justin/demo_ws/src/aprs_ros2_demo/install/aprs_interfaces/include/aprs_interfaces/aprs_interfaces/srv/place.hpp
-- Up-to-date: /home/justin/demo_ws/src/aprs_ros2_demo/install/aprs_interfaces/include/aprs_interfaces/aprs_interfaces/action
-- Installing: /home/justin/demo_ws/src/aprs_ros2_demo/install/aprs_interfaces/include/aprs_interfaces/aprs_interfaces/action/execute_plan.hpp
-- Up-to-date: /home/justin/demo_ws/src/aprs_ros2_demo/install/aprs_interfaces/include/aprs_interfaces/aprs_interfaces/action/detail
-- Installing: /home/justin/demo_ws/src/aprs_ros2_demo/install/aprs_interfaces/include/aprs_interfaces/aprs_interfaces/action/detail/execute_plan__traits.hpp
-- Installing: /home/justin/demo_ws/src/aprs_ros2_demo/install/aprs_interfaces/include/aprs_interfaces/aprs_interfaces/action/detail/execute_plan__struct.hpp
-- Installing: /home/justin/demo_ws/src/aprs_ros2_demo/install/aprs_interfaces/include/aprs_interfaces/aprs_interfaces/action/detail/execute_plan__builder.hpp
-- Up-to-date: /home/justin/demo_ws/src/aprs_ros2_demo/install/aprs_interfaces/include/aprs_interfaces/aprs_interfaces/msg
-- Installing: /home/justin/demo_ws/src/aprs_ros2_demo/install/aprs_interfaces/include/aprs_interfaces/aprs_interfaces/msg/trays.hpp
-- Installing: /home/justin/demo_ws/src/aprs_ros2_demo/install/aprs_interfaces/include/aprs_interfaces/aprs_interfaces/msg/slot_info.hpp
-- Installing: /home/justin/demo_ws/src/aprs_ros2_demo/install/aprs_interfaces/include/aprs_interfaces/aprs_interfaces/msg/tray.hpp
-- Installing: /home/justin/demo_ws/src/aprs_ros2_demo/install/aprs_interfaces/include/aprs_interfaces/aprs_interfaces/msg/objects.hpp
-- Installing: /home/justin/demo_ws/src/aprs_ros2_demo/install/aprs_interfaces/include/aprs_interfaces/aprs_interfaces/msg/object.hpp
-- Up-to-date: /home/justin/demo_ws/src/aprs_ros2_demo/install/aprs_interfaces/include/aprs_interfaces/aprs_interfaces/msg/detail
-- Installing: /home/justin/demo_ws/src/aprs_ros2_demo/install/aprs_interfaces/include/aprs_interfaces/aprs_interfaces/msg/detail/objects__struct.hpp
-- Installing: /home/justin/demo_ws/src/aprs_ros2_demo/install/aprs_interfaces/include/aprs_interfaces/aprs_interfaces/msg/detail/objects__traits.hpp
-- Installing: /home/justin/demo_ws/src/aprs_ros2_demo/install/aprs_interfaces/include/aprs_interfaces/aprs_interfaces/msg/detail/tray__builder.hpp
-- Installing: /home/justin/demo_ws/src/aprs_ros2_demo/install/aprs_interfaces/include/aprs_interfaces/aprs_interfaces/msg/detail/slot_info__traits.hpp
-- Installing: /home/justin/demo_ws/src/aprs_ros2_demo/install/aprs_interfaces/include/aprs_interfaces/aprs_interfaces/msg/detail/trays__traits.hpp
-- Installing: /home/justin/demo_ws/src/aprs_ros2_demo/install/aprs_interfaces/include/aprs_interfaces/aprs_interfaces/msg/detail/tray__traits.hpp
-- Installing: /home/justin/demo_ws/src/aprs_ros2_demo/install/aprs_interfaces/include/aprs_interfaces/aprs_interfaces/msg/detail/object__traits.hpp
-- Installing: /home/justin/demo_ws/src/aprs_ros2_demo/install/aprs_interfaces/include/aprs_interfaces/aprs_interfaces/msg/detail/trays__builder.hpp
-- Installing: /home/justin/demo_ws/src/aprs_ros2_demo/install/aprs_interfaces/include/aprs_interfaces/aprs_interfaces/msg/detail/object__builder.hpp
-- Installing: /home/justin/demo_ws/src/aprs_ros2_demo/install/aprs_interfaces/include/aprs_interfaces/aprs_interfaces/msg/detail/slot_info__struct.hpp
-- Installing: /home/justin/demo_ws/src/aprs_ros2_demo/install/aprs_interfaces/include/aprs_interfaces/aprs_interfaces/msg/detail/objects__builder.hpp
-- Installing: /home/justin/demo_ws/src/aprs_ros2_demo/install/aprs_interfaces/include/aprs_interfaces/aprs_interfaces/msg/detail/trays__struct.hpp
-- Installing: /home/justin/demo_ws/src/aprs_ros2_demo/install/aprs_interfaces/include/aprs_interfaces/aprs_interfaces/msg/detail/object__struct.hpp
-- Installing: /home/justin/demo_ws/src/aprs_ros2_demo/install/aprs_interfaces/include/aprs_interfaces/aprs_interfaces/msg/detail/slot_info__builder.hpp
-- Installing: /home/justin/demo_ws/src/aprs_ros2_demo/install/aprs_interfaces/include/aprs_interfaces/aprs_interfaces/msg/detail/tray__struct.hpp
-- Up-to-date: /home/justin/demo_ws/src/aprs_ros2_demo/install/aprs_interfaces/include/aprs_interfaces/aprs_interfaces
-- Up-to-date: /home/justin/demo_ws/src/aprs_ros2_demo/install/aprs_interfaces/include/aprs_interfaces/aprs_interfaces/srv
-- Up-to-date: /home/justin/demo_ws/src/aprs_ros2_demo/install/aprs_interfaces/include/aprs_interfaces/aprs_interfaces/srv/detail
-- Installing: /home/justin/demo_ws/src/aprs_ros2_demo/install/aprs_interfaces/include/aprs_interfaces/aprs_interfaces/srv/detail/generate_init_state__rosidl_typesupport_fastrtps_cpp.hpp
-- Installing: /home/justin/demo_ws/src/aprs_ros2_demo/install/aprs_interfaces/include/aprs_interfaces/aprs_interfaces/srv/detail/move_to_named_pose__rosidl_typesupport_fastrtps_cpp.hpp
-- Installing: /home/justin/demo_ws/src/aprs_ros2_demo/install/aprs_interfaces/include/aprs_interfaces/aprs_interfaces/srv/detail/place__rosidl_typesupport_fastrtps_cpp.hpp
-- Installing: /home/justin/demo_ws/src/aprs_ros2_demo/install/aprs_interfaces/include/aprs_interfaces/aprs_interfaces/srv/detail/generate_plan__rosidl_typesupport_fastrtps_cpp.hpp
-- Installing: /home/justin/demo_ws/src/aprs_ros2_demo/install/aprs_interfaces/include/aprs_interfaces/aprs_interfaces/srv/detail/dds_fastrtps
-- Installing: /home/justin/demo_ws/src/aprs_ros2_demo/install/aprs_interfaces/include/aprs_interfaces/aprs_interfaces/srv/detail/pick__rosidl_typesupport_fastrtps_cpp.hpp
-- Up-to-date: /home/justin/demo_ws/src/aprs_ros2_demo/install/aprs_interfaces/include/aprs_interfaces/aprs_interfaces/action
-- Up-to-date: /home/justin/demo_ws/src/aprs_ros2_demo/install/aprs_interfaces/include/aprs_interfaces/aprs_interfaces/action/detail
-- Installing: /home/justin/demo_ws/src/aprs_ros2_demo/install/aprs_interfaces/include/aprs_interfaces/aprs_interfaces/action/detail/execute_plan__rosidl_typesupport_fastrtps_cpp.hpp
-- Installing: /home/justin/demo_ws/src/aprs_ros2_demo/install/aprs_interfaces/include/aprs_interfaces/aprs_interfaces/action/detail/dds_fastrtps
-- Up-to-date: /home/justin/demo_ws/src/aprs_ros2_demo/install/aprs_interfaces/include/aprs_interfaces/aprs_interfaces/msg
-- Up-to-date: /home/justin/demo_ws/src/aprs_ros2_demo/install/aprs_interfaces/include/aprs_interfaces/aprs_interfaces/msg/detail
-- Installing: /home/justin/demo_ws/src/aprs_ros2_demo/install/aprs_interfaces/include/aprs_interfaces/aprs_interfaces/msg/detail/objects__rosidl_typesupport_fastrtps_cpp.hpp
-- Installing: /home/justin/demo_ws/src/aprs_ros2_demo/install/aprs_interfaces/include/aprs_interfaces/aprs_interfaces/msg/detail/trays__rosidl_typesupport_fastrtps_cpp.hpp
-- Installing: /home/justin/demo_ws/src/aprs_ros2_demo/install/aprs_interfaces/include/aprs_interfaces/aprs_interfaces/msg/detail/slot_info__rosidl_typesupport_fastrtps_cpp.hpp
-- Installing: /home/justin/demo_ws/src/aprs_ros2_demo/install/aprs_interfaces/include/aprs_interfaces/aprs_interfaces/msg/detail/tray__rosidl_typesupport_fastrtps_cpp.hpp
-- Installing: /home/justin/demo_ws/src/aprs_ros2_demo/install/aprs_interfaces/include/aprs_interfaces/aprs_interfaces/msg/detail/dds_fastrtps
-- Installing: /home/justin/demo_ws/src/aprs_ros2_demo/install/aprs_interfaces/include/aprs_interfaces/aprs_interfaces/msg/detail/object__rosidl_typesupport_fastrtps_cpp.hpp
-- Installing: /home/justin/demo_ws/src/aprs_ros2_demo/install/aprs_interfaces/include/aprs_interfaces/aprs_interfaces/msg/rosidl_typesupport_fastrtps_cpp__visibility_control.h
-- Installing: /home/justin/demo_ws/src/aprs_ros2_demo/install/aprs_interfaces/lib/libaprs_interfaces__rosidl_typesupport_fastrtps_cpp.so
-- Set runtime path of "/home/justin/demo_ws/src/aprs_ros2_demo/install/aprs_interfaces/lib/libaprs_interfaces__rosidl_typesupport_fastrtps_cpp.so" to ""
-- Up-to-date: /home/justin/demo_ws/src/aprs_ros2_demo/install/aprs_interfaces/include/aprs_interfaces/aprs_interfaces
-- Up-to-date: /home/justin/demo_ws/src/aprs_ros2_demo/install/aprs_interfaces/include/aprs_interfaces/aprs_interfaces/srv
-- Up-to-date: /home/justin/demo_ws/src/aprs_ros2_demo/install/aprs_interfaces/include/aprs_interfaces/aprs_interfaces/srv/detail
-- Installing: /home/justin/demo_ws/src/aprs_ros2_demo/install/aprs_interfaces/include/aprs_interfaces/aprs_interfaces/srv/detail/move_to_named_pose__type_support.c
-- Installing: /home/justin/demo_ws/src/aprs_ros2_demo/install/aprs_interfaces/include/aprs_interfaces/aprs_interfaces/srv/detail/place__type_support.c
-- Installing: /home/justin/demo_ws/src/aprs_ros2_demo/install/aprs_interfaces/include/aprs_interfaces/aprs_interfaces/srv/detail/generate_init_state__type_support.c
-- Installing: /home/justin/demo_ws/src/aprs_ros2_demo/install/aprs_interfaces/include/aprs_interfaces/aprs_interfaces/srv/detail/pick__rosidl_typesupport_introspection_c.h
-- Installing: /home/justin/demo_ws/src/aprs_ros2_demo/install/aprs_interfaces/include/aprs_interfaces/aprs_interfaces/srv/detail/generate_init_state__rosidl_typesupport_introspection_c.h
-- Installing: /home/justin/demo_ws/src/aprs_ros2_demo/install/aprs_interfaces/include/aprs_interfaces/aprs_interfaces/srv/detail/place__rosidl_typesupport_introspection_c.h
-- Installing: /home/justin/demo_ws/src/aprs_ros2_demo/install/aprs_interfaces/include/aprs_interfaces/aprs_interfaces/srv/detail/pick__type_support.c
-- Installing: /home/justin/demo_ws/src/aprs_ros2_demo/install/aprs_interfaces/include/aprs_interfaces/aprs_interfaces/srv/detail/generate_plan__type_support.c
-- Installing: /home/justin/demo_ws/src/aprs_ros2_demo/install/aprs_interfaces/include/aprs_interfaces/aprs_interfaces/srv/detail/generate_plan__rosidl_typesupport_introspection_c.h
-- Installing: /home/justin/demo_ws/src/aprs_ros2_demo/install/aprs_interfaces/include/aprs_interfaces/aprs_interfaces/srv/detail/move_to_named_pose__rosidl_typesupport_introspection_c.h
-- Up-to-date: /home/justin/demo_ws/src/aprs_ros2_demo/install/aprs_interfaces/include/aprs_interfaces/aprs_interfaces/action
-- Up-to-date: /home/justin/demo_ws/src/aprs_ros2_demo/install/aprs_interfaces/include/aprs_interfaces/aprs_interfaces/action/detail
-- Installing: /home/justin/demo_ws/src/aprs_ros2_demo/install/aprs_interfaces/include/aprs_interfaces/aprs_interfaces/action/detail/execute_plan__rosidl_typesupport_introspection_c.h
-- Installing: /home/justin/demo_ws/src/aprs_ros2_demo/install/aprs_interfaces/include/aprs_interfaces/aprs_interfaces/action/detail/execute_plan__type_support.c
-- Up-to-date: /home/justin/demo_ws/src/aprs_ros2_demo/install/aprs_interfaces/include/aprs_interfaces/aprs_interfaces/msg
-- Up-to-date: /home/justin/demo_ws/src/aprs_ros2_demo/install/aprs_interfaces/include/aprs_interfaces/aprs_interfaces/msg/detail
-- Installing: /home/justin/demo_ws/src/aprs_ros2_demo/install/aprs_interfaces/include/aprs_interfaces/aprs_interfaces/msg/detail/objects__type_support.c
-- Installing: /home/justin/demo_ws/src/aprs_ros2_demo/install/aprs_interfaces/include/aprs_interfaces/aprs_interfaces/msg/detail/trays__type_support.c
-- Installing: /home/justin/demo_ws/src/aprs_ros2_demo/install/aprs_interfaces/include/aprs_interfaces/aprs_interfaces/msg/detail/objects__rosidl_typesupport_introspection_c.h
-- Installing: /home/justin/demo_ws/src/aprs_ros2_demo/install/aprs_interfaces/include/aprs_interfaces/aprs_interfaces/msg/detail/object__type_support.c
-- Installing: /home/justin/demo_ws/src/aprs_ros2_demo/install/aprs_interfaces/include/aprs_interfaces/aprs_interfaces/msg/detail/tray__rosidl_typesupport_introspection_c.h
-- Installing: /home/justin/demo_ws/src/aprs_ros2_demo/install/aprs_interfaces/include/aprs_interfaces/aprs_interfaces/msg/detail/trays__rosidl_typesupport_introspection_c.h
-- Installing: /home/justin/demo_ws/src/aprs_ros2_demo/install/aprs_interfaces/include/aprs_interfaces/aprs_interfaces/msg/detail/slot_info__rosidl_typesupport_introspection_c.h
-- Installing: /home/justin/demo_ws/src/aprs_ros2_demo/install/aprs_interfaces/include/aprs_interfaces/aprs_interfaces/msg/detail/slot_info__type_support.c
-- Installing: /home/justin/demo_ws/src/aprs_ros2_demo/install/aprs_interfaces/include/aprs_interfaces/aprs_interfaces/msg/detail/object__rosidl_typesupport_introspection_c.h
-- Installing: /home/justin/demo_ws/src/aprs_ros2_demo/install/aprs_interfaces/include/aprs_interfaces/aprs_interfaces/msg/detail/tray__type_support.c
-- Installing: /home/justin/demo_ws/src/aprs_ros2_demo/install/aprs_interfaces/include/aprs_interfaces/aprs_interfaces/msg/rosidl_typesupport_introspection_c__visibility_control.h
-- Installing: /home/justin/demo_ws/src/aprs_ros2_demo/install/aprs_interfaces/lib/libaprs_interfaces__rosidl_typesupport_introspection_c.so
-- Set runtime path of "/home/justin/demo_ws/src/aprs_ros2_demo/install/aprs_interfaces/lib/libaprs_interfaces__rosidl_typesupport_introspection_c.so" to ""
-- Installing: /home/justin/demo_ws/src/aprs_ros2_demo/install/aprs_interfaces/lib/libaprs_interfaces__rosidl_typesupport_c.so
-- Set runtime path of "/home/justin/demo_ws/src/aprs_ros2_demo/install/aprs_interfaces/lib/libaprs_interfaces__rosidl_typesupport_c.so" to ""
-- Up-to-date: /home/justin/demo_ws/src/aprs_ros2_demo/install/aprs_interfaces/include/aprs_interfaces/aprs_interfaces
-- Up-to-date: /home/justin/demo_ws/src/aprs_ros2_demo/install/aprs_interfaces/include/aprs_interfaces/aprs_interfaces/srv
-- Up-to-date: /home/justin/demo_ws/src/aprs_ros2_demo/install/aprs_interfaces/include/aprs_interfaces/aprs_interfaces/srv/detail
-- Installing: /home/justin/demo_ws/src/aprs_ros2_demo/install/aprs_interfaces/include/aprs_interfaces/aprs_interfaces/srv/detail/place__rosidl_typesupport_introspection_cpp.hpp
-- Installing: /home/justin/demo_ws/src/aprs_ros2_demo/install/aprs_interfaces/include/aprs_interfaces/aprs_interfaces/srv/detail/generate_plan__type_support.cpp
-- Installing: /home/justin/demo_ws/src/aprs_ros2_demo/install/aprs_interfaces/include/aprs_interfaces/aprs_interfaces/srv/detail/generate_init_state__rosidl_typesupport_introspection_cpp.hpp
-- Installing: /home/justin/demo_ws/src/aprs_ros2_demo/install/aprs_interfaces/include/aprs_interfaces/aprs_interfaces/srv/detail/pick__rosidl_typesupport_introspection_cpp.hpp
-- Installing: /home/justin/demo_ws/src/aprs_ros2_demo/install/aprs_interfaces/include/aprs_interfaces/aprs_interfaces/srv/detail/generate_plan__rosidl_typesupport_introspection_cpp.hpp
-- Installing: /home/justin/demo_ws/src/aprs_ros2_demo/install/aprs_interfaces/include/aprs_interfaces/aprs_interfaces/srv/detail/pick__type_support.cpp
-- Installing: /home/justin/demo_ws/src/aprs_ros2_demo/install/aprs_interfaces/include/aprs_interfaces/aprs_interfaces/srv/detail/generate_init_state__type_support.cpp
-- Installing: /home/justin/demo_ws/src/aprs_ros2_demo/install/aprs_interfaces/include/aprs_interfaces/aprs_interfaces/srv/detail/move_to_named_pose__type_support.cpp
-- Installing: /home/justin/demo_ws/src/aprs_ros2_demo/install/aprs_interfaces/include/aprs_interfaces/aprs_interfaces/srv/detail/move_to_named_pose__rosidl_typesupport_introspection_cpp.hpp
-- Installing: /home/justin/demo_ws/src/aprs_ros2_demo/install/aprs_interfaces/include/aprs_interfaces/aprs_interfaces/srv/detail/place__type_support.cpp
-- Up-to-date: /home/justin/demo_ws/src/aprs_ros2_demo/install/aprs_interfaces/include/aprs_interfaces/aprs_interfaces/action
-- Up-to-date: /home/justin/demo_ws/src/aprs_ros2_demo/install/aprs_interfaces/include/aprs_interfaces/aprs_interfaces/action/detail
-- Installing: /home/justin/demo_ws/src/aprs_ros2_demo/install/aprs_interfaces/include/aprs_interfaces/aprs_interfaces/action/detail/execute_plan__type_support.cpp
-- Installing: /home/justin/demo_ws/src/aprs_ros2_demo/install/aprs_interfaces/include/aprs_interfaces/aprs_interfaces/action/detail/execute_plan__rosidl_typesupport_introspection_cpp.hpp
-- Up-to-date: /home/justin/demo_ws/src/aprs_ros2_demo/install/aprs_interfaces/include/aprs_interfaces/aprs_interfaces/msg
-- Up-to-date: /home/justin/demo_ws/src/aprs_ros2_demo/install/aprs_interfaces/include/aprs_interfaces/aprs_interfaces/msg/detail
-- Installing: /home/justin/demo_ws/src/aprs_ros2_demo/install/aprs_interfaces/include/aprs_interfaces/aprs_interfaces/msg/detail/tray__rosidl_typesupport_introspection_cpp.hpp
-- Installing: /home/justin/demo_ws/src/aprs_ros2_demo/install/aprs_interfaces/include/aprs_interfaces/aprs_interfaces/msg/detail/objects__type_support.cpp
-- Installing: /home/justin/demo_ws/src/aprs_ros2_demo/install/aprs_interfaces/include/aprs_interfaces/aprs_interfaces/msg/detail/trays__type_support.cpp
-- Installing: /home/justin/demo_ws/src/aprs_ros2_demo/install/aprs_interfaces/include/aprs_interfaces/aprs_interfaces/msg/detail/object__rosidl_typesupport_introspection_cpp.hpp
-- Installing: /home/justin/demo_ws/src/aprs_ros2_demo/install/aprs_interfaces/include/aprs_interfaces/aprs_interfaces/msg/detail/slot_info__type_support.cpp
-- Installing: /home/justin/demo_ws/src/aprs_ros2_demo/install/aprs_interfaces/include/aprs_interfaces/aprs_interfaces/msg/detail/object__type_support.cpp
-- Installing: /home/justin/demo_ws/src/aprs_ros2_demo/install/aprs_interfaces/include/aprs_interfaces/aprs_interfaces/msg/detail/slot_info__rosidl_typesupport_introspection_cpp.hpp
-- Installing: /home/justin/demo_ws/src/aprs_ros2_demo/install/aprs_interfaces/include/aprs_interfaces/aprs_interfaces/msg/detail/objects__rosidl_typesupport_introspection_cpp.hpp
-- Installing: /home/justin/demo_ws/src/aprs_ros2_demo/install/aprs_interfaces/include/aprs_interfaces/aprs_interfaces/msg/detail/tray__type_support.cpp
-- Installing: /home/justin/demo_ws/src/aprs_ros2_demo/install/aprs_interfaces/include/aprs_interfaces/aprs_interfaces/msg/detail/trays__rosidl_typesupport_introspection_cpp.hpp
-- Installing: /home/justin/demo_ws/src/aprs_ros2_demo/install/aprs_interfaces/lib/libaprs_interfaces__rosidl_typesupport_introspection_cpp.so
-- Set runtime path of "/home/justin/demo_ws/src/aprs_ros2_demo/install/aprs_interfaces/lib/libaprs_interfaces__rosidl_typesupport_introspection_cpp.so" to ""
-- Installing: /home/justin/demo_ws/src/aprs_ros2_demo/install/aprs_interfaces/lib/libaprs_interfaces__rosidl_typesupport_cpp.so
-- Set runtime path of "/home/justin/demo_ws/src/aprs_ros2_demo/install/aprs_interfaces/lib/libaprs_interfaces__rosidl_typesupport_cpp.so" to ""
-- Installing: /home/justin/demo_ws/src/aprs_ros2_demo/install/aprs_interfaces/share/aprs_interfaces/environment/pythonpath.sh
-- Installing: /home/justin/demo_ws/src/aprs_ros2_demo/install/aprs_interfaces/share/aprs_interfaces/environment/pythonpath.dsv
-- Installing: /home/justin/demo_ws/src/aprs_ros2_demo/install/aprs_interfaces/lib/python3.10/site-packages/aprs_interfaces-1.0.0-py3.10.egg-info
-- Installing: /home/justin/demo_ws/src/aprs_ros2_demo/install/aprs_interfaces/lib/python3.10/site-packages/aprs_interfaces-1.0.0-py3.10.egg-info/top_level.txt
-- Installing: /home/justin/demo_ws/src/aprs_ros2_demo/install/aprs_interfaces/lib/python3.10/site-packages/aprs_interfaces-1.0.0-py3.10.egg-info/PKG-INFO
-- Installing: /home/justin/demo_ws/src/aprs_ros2_demo/install/aprs_interfaces/lib/python3.10/site-packages/aprs_interfaces-1.0.0-py3.10.egg-info/SOURCES.txt
-- Installing: /home/justin/demo_ws/src/aprs_ros2_demo/install/aprs_interfaces/lib/python3.10/site-packages/aprs_interfaces-1.0.0-py3.10.egg-info/dependency_links.txt
-- Installing: /home/justin/demo_ws/src/aprs_ros2_demo/install/aprs_interfaces/lib/python3.10/site-packages/aprs_interfaces
-- Installing: /home/justin/demo_ws/src/aprs_ros2_demo/install/aprs_interfaces/lib/python3.10/site-packages/aprs_interfaces/libaprs_interfaces__rosidl_generator_py.so
-- Installing: /home/justin/demo_ws/src/aprs_ros2_demo/install/aprs_interfaces/lib/python3.10/site-packages/aprs_interfaces/aprs_interfaces_s__rosidl_typesupport_introspection_c.cpython-310-x86_64-linux-gnu.so
-- Installing: /home/justin/demo_ws/src/aprs_ros2_demo/install/aprs_interfaces/lib/python3.10/site-packages/aprs_interfaces/srv
-- Installing: /home/justin/demo_ws/src/aprs_ros2_demo/install/aprs_interfaces/lib/python3.10/site-packages/aprs_interfaces/srv/_place.py
-- Installing: /home/justin/demo_ws/src/aprs_ros2_demo/install/aprs_interfaces/lib/python3.10/site-packages/aprs_interfaces/srv/_generate_plan_s.c
-- Installing: /home/justin/demo_ws/src/aprs_ros2_demo/install/aprs_interfaces/lib/python3.10/site-packages/aprs_interfaces/srv/_pick_s.c
-- Installing: /home/justin/demo_ws/src/aprs_ros2_demo/install/aprs_interfaces/lib/python3.10/site-packages/aprs_interfaces/srv/_pick.py
-- Installing: /home/justin/demo_ws/src/aprs_ros2_demo/install/aprs_interfaces/lib/python3.10/site-packages/aprs_interfaces/srv/__init__.py
-- Installing: /home/justin/demo_ws/src/aprs_ros2_demo/install/aprs_interfaces/lib/python3.10/site-packages/aprs_interfaces/srv/_generate_init_state_s.c
-- Installing: /home/justin/demo_ws/src/aprs_ros2_demo/install/aprs_interfaces/lib/python3.10/site-packages/aprs_interfaces/srv/_move_to_named_pose.py
-- Installing: /home/justin/demo_ws/src/aprs_ros2_demo/install/aprs_interfaces/lib/python3.10/site-packages/aprs_interfaces/srv/_generate_init_state.py
-- Installing: /home/justin/demo_ws/src/aprs_ros2_demo/install/aprs_interfaces/lib/python3.10/site-packages/aprs_interfaces/srv/_place_s.c
-- Installing: /home/justin/demo_ws/src/aprs_ros2_demo/install/aprs_interfaces/lib/python3.10/site-packages/aprs_interfaces/srv/_move_to_named_pose_s.c
-- Installing: /home/justin/demo_ws/src/aprs_ros2_demo/install/aprs_interfaces/lib/python3.10/site-packages/aprs_interfaces/srv/_generate_plan.py
-- Installing: /home/justin/demo_ws/src/aprs_ros2_demo/install/aprs_interfaces/lib/python3.10/site-packages/aprs_interfaces/__init__.py
-- Installing: /home/justin/demo_ws/src/aprs_ros2_demo/install/aprs_interfaces/lib/python3.10/site-packages/aprs_interfaces/_aprs_interfaces_s.ep.rosidl_typesupport_c.c
-- Installing: /home/justin/demo_ws/src/aprs_ros2_demo/install/aprs_interfaces/lib/python3.10/site-packages/aprs_interfaces/_aprs_interfaces_s.ep.rosidl_typesupport_introspection_c.c
-- Installing: /home/justin/demo_ws/src/aprs_ros2_demo/install/aprs_interfaces/lib/python3.10/site-packages/aprs_interfaces/_aprs_interfaces_s.ep.rosidl_typesupport_fastrtps_c.c
-- Installing: /home/justin/demo_ws/src/aprs_ros2_demo/install/aprs_interfaces/lib/python3.10/site-packages/aprs_interfaces/aprs_interfaces_s__rosidl_typesupport_fastrtps_c.cpython-310-x86_64-linux-gnu.so
-- Installing: /home/justin/demo_ws/src/aprs_ros2_demo/install/aprs_interfaces/lib/python3.10/site-packages/aprs_interfaces/aprs_interfaces_s__rosidl_typesupport_c.cpython-310-x86_64-linux-gnu.so
-- Installing: /home/justin/demo_ws/src/aprs_ros2_demo/install/aprs_interfaces/lib/python3.10/site-packages/aprs_interfaces/action
-- Installing: /home/justin/demo_ws/src/aprs_ros2_demo/install/aprs_interfaces/lib/python3.10/site-packages/aprs_interfaces/action/__init__.py
-- Installing: /home/justin/demo_ws/src/aprs_ros2_demo/install/aprs_interfaces/lib/python3.10/site-packages/aprs_interfaces/action/_execute_plan.py
-- Installing: /home/justin/demo_ws/src/aprs_ros2_demo/install/aprs_interfaces/lib/python3.10/site-packages/aprs_interfaces/action/_execute_plan_s.c
-- Installing: /home/justin/demo_ws/src/aprs_ros2_demo/install/aprs_interfaces/lib/python3.10/site-packages/aprs_interfaces/msg
-- Installing: /home/justin/demo_ws/src/aprs_ros2_demo/install/aprs_interfaces/lib/python3.10/site-packages/aprs_interfaces/msg/_object_s.c
-- Installing: /home/justin/demo_ws/src/aprs_ros2_demo/install/aprs_interfaces/lib/python3.10/site-packages/aprs_interfaces/msg/_slot_info_s.c
-- Installing: /home/justin/demo_ws/src/aprs_ros2_demo/install/aprs_interfaces/lib/python3.10/site-packages/aprs_interfaces/msg/__init__.py
-- Installing: /home/justin/demo_ws/src/aprs_ros2_demo/install/aprs_interfaces/lib/python3.10/site-packages/aprs_interfaces/msg/_tray.py
-- Installing: /home/justin/demo_ws/src/aprs_ros2_demo/install/aprs_interfaces/lib/python3.10/site-packages/aprs_interfaces/msg/_trays_s.c
-- Installing: /home/justin/demo_ws/src/aprs_ros2_demo/install/aprs_interfaces/lib/python3.10/site-packages/aprs_interfaces/msg/_slot_info.py
-- Installing: /home/justin/demo_ws/src/aprs_ros2_demo/install/aprs_interfaces/lib/python3.10/site-packages/aprs_interfaces/msg/_objects_s.c
-- Installing: /home/justin/demo_ws/src/aprs_ros2_demo/install/aprs_interfaces/lib/python3.10/site-packages/aprs_interfaces/msg/_tray_s.c
-- Installing: /home/justin/demo_ws/src/aprs_ros2_demo/install/aprs_interfaces/lib/python3.10/site-packages/aprs_interfaces/msg/_object.py
-- Installing: /home/justin/demo_ws/src/aprs_ros2_demo/install/aprs_interfaces/lib/python3.10/site-packages/aprs_interfaces/msg/_objects.py
-- Installing: /home/justin/demo_ws/src/aprs_ros2_demo/install/aprs_interfaces/lib/python3.10/site-packages/aprs_interfaces/msg/_trays.py
Listing '/home/justin/demo_ws/src/aprs_ros2_demo/install/aprs_interfaces/lib/python3.10/site-packages/aprs_interfaces'...
Compiling '/home/justin/demo_ws/src/aprs_ros2_demo/install/aprs_interfaces/lib/python3.10/site-packages/aprs_interfaces/__init__.py'...
Listing '/home/justin/demo_ws/src/aprs_ros2_demo/install/aprs_interfaces/lib/python3.10/site-packages/aprs_interfaces/action'...
Compiling '/home/justin/demo_ws/src/aprs_ros2_demo/install/aprs_interfaces/lib/python3.10/site-packages/aprs_interfaces/action/__init__.py'...
Compiling '/home/justin/demo_ws/src/aprs_ros2_demo/install/aprs_interfaces/lib/python3.10/site-packages/aprs_interfaces/action/_execute_plan.py'...
Listing '/home/justin/demo_ws/src/aprs_ros2_demo/install/aprs_interfaces/lib/python3.10/site-packages/aprs_interfaces/msg'...
Compiling '/home/justin/demo_ws/src/aprs_ros2_demo/install/aprs_interfaces/lib/python3.10/site-packages/aprs_interfaces/msg/__init__.py'...
Compiling '/home/justin/demo_ws/src/aprs_ros2_demo/install/aprs_interfaces/lib/python3.10/site-packages/aprs_interfaces/msg/_object.py'...
Compiling '/home/justin/demo_ws/src/aprs_ros2_demo/install/aprs_interfaces/lib/python3.10/site-packages/aprs_interfaces/msg/_objects.py'...
Compiling '/home/justin/demo_ws/src/aprs_ros2_demo/install/aprs_interfaces/lib/python3.10/site-packages/aprs_interfaces/msg/_slot_info.py'...
Compiling '/home/justin/demo_ws/src/aprs_ros2_demo/install/aprs_interfaces/lib/python3.10/site-packages/aprs_interfaces/msg/_tray.py'...
Compiling '/home/justin/demo_ws/src/aprs_ros2_demo/install/aprs_interfaces/lib/python3.10/site-packages/aprs_interfaces/msg/_trays.py'...
Listing '/home/justin/demo_ws/src/aprs_ros2_demo/install/aprs_interfaces/lib/python3.10/site-packages/aprs_interfaces/srv'...
Compiling '/home/justin/demo_ws/src/aprs_ros2_demo/install/aprs_interfaces/lib/python3.10/site-packages/aprs_interfaces/srv/__init__.py'...
Compiling '/home/justin/demo_ws/src/aprs_ros2_demo/install/aprs_interfaces/lib/python3.10/site-packages/aprs_interfaces/srv/_generate_init_state.py'...
Compiling '/home/justin/demo_ws/src/aprs_ros2_demo/install/aprs_interfaces/lib/python3.10/site-packages/aprs_interfaces/srv/_generate_plan.py'...
Compiling '/home/justin/demo_ws/src/aprs_ros2_demo/install/aprs_interfaces/lib/python3.10/site-packages/aprs_interfaces/srv/_move_to_named_pose.py'...
Compiling '/home/justin/demo_ws/src/aprs_ros2_demo/install/aprs_interfaces/lib/python3.10/site-packages/aprs_interfaces/srv/_pick.py'...
Compiling '/home/justin/demo_ws/src/aprs_ros2_demo/install/aprs_interfaces/lib/python3.10/site-packages/aprs_interfaces/srv/_place.py'...
-- Installing: /home/justin/demo_ws/src/aprs_ros2_demo/install/aprs_interfaces/lib/python3.10/site-packages/aprs_interfaces/aprs_interfaces_s__rosidl_typesupport_fastrtps_c.cpython-310-x86_64-linux-gnu.so
-- Set runtime path of "/home/justin/demo_ws/src/aprs_ros2_demo/install/aprs_interfaces/lib/python3.10/site-packages/aprs_interfaces/aprs_interfaces_s__rosidl_typesupport_fastrtps_c.cpython-310-x86_64-linux-gnu.so" to ""
-- Installing: /home/justin/demo_ws/src/aprs_ros2_demo/install/aprs_interfaces/lib/python3.10/site-packages/aprs_interfaces/aprs_interfaces_s__rosidl_typesupport_introspection_c.cpython-310-x86_64-linux-gnu.so
-- Set runtime path of "/home/justin/demo_ws/src/aprs_ros2_demo/install/aprs_interfaces/lib/python3.10/site-packages/aprs_interfaces/aprs_interfaces_s__rosidl_typesupport_introspection_c.cpython-310-x86_64-linux-gnu.so" to ""
-- Installing: /home/justin/demo_ws/src/aprs_ros2_demo/install/aprs_interfaces/lib/python3.10/site-packages/aprs_interfaces/aprs_interfaces_s__rosidl_typesupport_c.cpython-310-x86_64-linux-gnu.so
-- Set runtime path of "/home/justin/demo_ws/src/aprs_ros2_demo/install/aprs_interfaces/lib/python3.10/site-packages/aprs_interfaces/aprs_interfaces_s__rosidl_typesupport_c.cpython-310-x86_64-linux-gnu.so" to ""
-- Installing: /home/justin/demo_ws/src/aprs_ros2_demo/install/aprs_interfaces/lib/libaprs_interfaces__rosidl_generator_py.so
-- Set runtime path of "/home/justin/demo_ws/src/aprs_ros2_demo/install/aprs_interfaces/lib/libaprs_interfaces__rosidl_generator_py.so" to ""
-- Installing: /home/justin/demo_ws/src/aprs_ros2_demo/install/aprs_interfaces/share/aprs_interfaces/msg/Object.idl
-- Installing: /home/justin/demo_ws/src/aprs_ros2_demo/install/aprs_interfaces/share/aprs_interfaces/msg/Objects.idl
-- Installing: /home/justin/demo_ws/src/aprs_ros2_demo/install/aprs_interfaces/share/aprs_interfaces/msg/Tray.idl
-- Installing: /home/justin/demo_ws/src/aprs_ros2_demo/install/aprs_interfaces/share/aprs_interfaces/msg/Trays.idl
-- Installing: /home/justin/demo_ws/src/aprs_ros2_demo/install/aprs_interfaces/share/aprs_interfaces/msg/SlotInfo.idl
-- Installing: /home/justin/demo_ws/src/aprs_ros2_demo/install/aprs_interfaces/share/aprs_interfaces/srv/MoveToNamedPose.idl
-- Installing: /home/justin/demo_ws/src/aprs_ros2_demo/install/aprs_interfaces/share/aprs_interfaces/srv/Pick.idl
-- Installing: /home/justin/demo_ws/src/aprs_ros2_demo/install/aprs_interfaces/share/aprs_interfaces/srv/Place.idl
-- Installing: /home/justin/demo_ws/src/aprs_ros2_demo/install/aprs_interfaces/share/aprs_interfaces/srv/GenerateInitState.idl
-- Installing: /home/justin/demo_ws/src/aprs_ros2_demo/install/aprs_interfaces/share/aprs_interfaces/srv/GeneratePlan.idl
-- Installing: /home/justin/demo_ws/src/aprs_ros2_demo/install/aprs_interfaces/share/aprs_interfaces/action/ExecutePlan.idl
-- Installing: /home/justin/demo_ws/src/aprs_ros2_demo/install/aprs_interfaces/share/aprs_interfaces/msg/Object.msg
-- Installing: /home/justin/demo_ws/src/aprs_ros2_demo/install/aprs_interfaces/share/aprs_interfaces/msg/Objects.msg
-- Installing: /home/justin/demo_ws/src/aprs_ros2_demo/install/aprs_interfaces/share/aprs_interfaces/msg/Tray.msg
-- Installing: /home/justin/demo_ws/src/aprs_ros2_demo/install/aprs_interfaces/share/aprs_interfaces/msg/Trays.msg
-- Installing: /home/justin/demo_ws/src/aprs_ros2_demo/install/aprs_interfaces/share/aprs_interfaces/msg/SlotInfo.msg
-- Installing: /home/justin/demo_ws/src/aprs_ros2_demo/install/aprs_interfaces/share/aprs_interfaces/srv/MoveToNamedPose.srv
-- Installing: /home/justin/demo_ws/src/aprs_ros2_demo/install/aprs_interfaces/share/aprs_interfaces/srv/MoveToNamedPose_Request.msg
-- Installing: /home/justin/demo_ws/src/aprs_ros2_demo/install/aprs_interfaces/share/aprs_interfaces/srv/MoveToNamedPose_Response.msg
-- Installing: /home/justin/demo_ws/src/aprs_ros2_demo/install/aprs_interfaces/share/aprs_interfaces/srv/Pick.srv
-- Installing: /home/justin/demo_ws/src/aprs_ros2_demo/install/aprs_interfaces/share/aprs_interfaces/srv/Pick_Request.msg
-- Installing: /home/justin/demo_ws/src/aprs_ros2_demo/install/aprs_interfaces/share/aprs_interfaces/srv/Pick_Response.msg
-- Installing: /home/justin/demo_ws/src/aprs_ros2_demo/install/aprs_interfaces/share/aprs_interfaces/srv/Place.srv
-- Installing: /home/justin/demo_ws/src/aprs_ros2_demo/install/aprs_interfaces/share/aprs_interfaces/srv/Place_Request.msg
-- Installing: /home/justin/demo_ws/src/aprs_ros2_demo/install/aprs_interfaces/share/aprs_interfaces/srv/Place_Response.msg
-- Installing: /home/justin/demo_ws/src/aprs_ros2_demo/install/aprs_interfaces/share/aprs_interfaces/srv/GenerateInitState.srv
-- Installing: /home/justin/demo_ws/src/aprs_ros2_demo/install/aprs_interfaces/share/aprs_interfaces/srv/GenerateInitState_Request.msg
-- Installing: /home/justin/demo_ws/src/aprs_ros2_demo/install/aprs_interfaces/share/aprs_interfaces/srv/GenerateInitState_Response.msg
-- Installing: /home/justin/demo_ws/src/aprs_ros2_demo/install/aprs_interfaces/share/aprs_interfaces/srv/GeneratePlan.srv
-- Installing: /home/justin/demo_ws/src/aprs_ros2_demo/install/aprs_interfaces/share/aprs_interfaces/srv/GeneratePlan_Request.msg
-- Installing: /home/justin/demo_ws/src/aprs_ros2_demo/install/aprs_interfaces/share/aprs_interfaces/srv/GeneratePlan_Response.msg
-- Installing: /home/justin/demo_ws/src/aprs_ros2_demo/install/aprs_interfaces/share/aprs_interfaces/action/ExecutePlan.action
-- Installing: /home/justin/demo_ws/src/aprs_ros2_demo/install/aprs_interfaces/share/ament_index/resource_index/package_run_dependencies/aprs_interfaces
-- Installing: /home/justin/demo_ws/src/aprs_ros2_demo/install/aprs_interfaces/share/ament_index/resource_index/parent_prefix_path/aprs_interfaces
-- Installing: /home/justin/demo_ws/src/aprs_ros2_demo/install/aprs_interfaces/share/aprs_interfaces/environment/ament_prefix_path.sh
-- Installing: /home/justin/demo_ws/src/aprs_ros2_demo/install/aprs_interfaces/share/aprs_interfaces/environment/ament_prefix_path.dsv
-- Installing: /home/justin/demo_ws/src/aprs_ros2_demo/install/aprs_interfaces/share/aprs_interfaces/environment/path.sh
-- Installing: /home/justin/demo_ws/src/aprs_ros2_demo/install/aprs_interfaces/share/aprs_interfaces/environment/path.dsv
-- Installing: /home/justin/demo_ws/src/aprs_ros2_demo/install/aprs_interfaces/share/aprs_interfaces/local_setup.bash
-- Installing: /home/justin/demo_ws/src/aprs_ros2_demo/install/aprs_interfaces/share/aprs_interfaces/local_setup.sh
-- Installing: /home/justin/demo_ws/src/aprs_ros2_demo/install/aprs_interfaces/share/aprs_interfaces/local_setup.zsh
-- Installing: /home/justin/demo_ws/src/aprs_ros2_demo/install/aprs_interfaces/share/aprs_interfaces/local_setup.dsv
-- Installing: /home/justin/demo_ws/src/aprs_ros2_demo/install/aprs_interfaces/share/aprs_interfaces/package.dsv
-- Installing: /home/justin/demo_ws/src/aprs_ros2_demo/install/aprs_interfaces/share/ament_index/resource_index/packages/aprs_interfaces
-- Installing: /home/justin/demo_ws/src/aprs_ros2_demo/install/aprs_interfaces/share/aprs_interfaces/cmake/export_aprs_interfaces__rosidl_generator_cExport.cmake
-- Installing: /home/justin/demo_ws/src/aprs_ros2_demo/install/aprs_interfaces/share/aprs_interfaces/cmake/export_aprs_interfaces__rosidl_generator_cExport-noconfig.cmake
-- Installing: /home/justin/demo_ws/src/aprs_ros2_demo/install/aprs_interfaces/share/aprs_interfaces/cmake/export_aprs_interfaces__rosidl_typesupport_fastrtps_cExport.cmake
-- Installing: /home/justin/demo_ws/src/aprs_ros2_demo/install/aprs_interfaces/share/aprs_interfaces/cmake/export_aprs_interfaces__rosidl_typesupport_fastrtps_cExport-noconfig.cmake
-- Installing: /home/justin/demo_ws/src/aprs_ros2_demo/install/aprs_interfaces/share/aprs_interfaces/cmake/export_aprs_interfaces__rosidl_generator_cppExport.cmake
-- Installing: /home/justin/demo_ws/src/aprs_ros2_demo/install/aprs_interfaces/share/aprs_interfaces/cmake/export_aprs_interfaces__rosidl_typesupport_fastrtps_cppExport.cmake
-- Installing: /home/justin/demo_ws/src/aprs_ros2_demo/install/aprs_interfaces/share/aprs_interfaces/cmake/export_aprs_interfaces__rosidl_typesupport_fastrtps_cppExport-noconfig.cmake
-- Installing: /home/justin/demo_ws/src/aprs_ros2_demo/install/aprs_interfaces/share/aprs_interfaces/cmake/aprs_interfaces__rosidl_typesupport_introspection_cExport.cmake
-- Installing: /home/justin/demo_ws/src/aprs_ros2_demo/install/aprs_interfaces/share/aprs_interfaces/cmake/aprs_interfaces__rosidl_typesupport_introspection_cExport-noconfig.cmake
-- Installing: /home/justin/demo_ws/src/aprs_ros2_demo/install/aprs_interfaces/share/aprs_interfaces/cmake/aprs_interfaces__rosidl_typesupport_cExport.cmake
-- Installing: /home/justin/demo_ws/src/aprs_ros2_demo/install/aprs_interfaces/share/aprs_interfaces/cmake/aprs_interfaces__rosidl_typesupport_cExport-noconfig.cmake
-- Installing: /home/justin/demo_ws/src/aprs_ros2_demo/install/aprs_interfaces/share/aprs_interfaces/cmake/aprs_interfaces__rosidl_typesupport_introspection_cppExport.cmake
-- Installing: /home/justin/demo_ws/src/aprs_ros2_demo/install/aprs_interfaces/share/aprs_interfaces/cmake/aprs_interfaces__rosidl_typesupport_introspection_cppExport-noconfig.cmake
-- Installing: /home/justin/demo_ws/src/aprs_ros2_demo/install/aprs_interfaces/share/aprs_interfaces/cmake/aprs_interfaces__rosidl_typesupport_cppExport.cmake
-- Installing: /home/justin/demo_ws/src/aprs_ros2_demo/install/aprs_interfaces/share/aprs_interfaces/cmake/aprs_interfaces__rosidl_typesupport_cppExport-noconfig.cmake
-- Installing: /home/justin/demo_ws/src/aprs_ros2_demo/install/aprs_interfaces/share/aprs_interfaces/cmake/export_aprs_interfaces__rosidl_generator_pyExport.cmake
-- Installing: /home/justin/demo_ws/src/aprs_ros2_demo/install/aprs_interfaces/share/aprs_interfaces/cmake/export_aprs_interfaces__rosidl_generator_pyExport-noconfig.cmake
-- Installing: /home/justin/demo_ws/src/aprs_ros2_demo/install/aprs_interfaces/share/aprs_interfaces/cmake/rosidl_cmake-extras.cmake
-- Installing: /home/justin/demo_ws/src/aprs_ros2_demo/install/aprs_interfaces/share/aprs_interfaces/cmake/ament_cmake_export_dependencies-extras.cmake
-- Installing: /home/justin/demo_ws/src/aprs_ros2_demo/install/aprs_interfaces/share/aprs_interfaces/cmake/ament_cmake_export_include_directories-extras.cmake
-- Installing: /home/justin/demo_ws/src/aprs_ros2_demo/install/aprs_interfaces/share/aprs_interfaces/cmake/ament_cmake_export_libraries-extras.cmake
-- Installing: /home/justin/demo_ws/src/aprs_ros2_demo/install/aprs_interfaces/share/aprs_interfaces/cmake/ament_cmake_export_targets-extras.cmake
-- Installing: /home/justin/demo_ws/src/aprs_ros2_demo/install/aprs_interfaces/share/aprs_interfaces/cmake/rosidl_cmake_export_typesupport_targets-extras.cmake
-- Installing: /home/justin/demo_ws/src/aprs_ros2_demo/install/aprs_interfaces/share/aprs_interfaces/cmake/rosidl_cmake_export_typesupport_libraries-extras.cmake
-- Installing: /home/justin/demo_ws/src/aprs_ros2_demo/install/aprs_interfaces/share/aprs_interfaces/cmake/aprs_interfacesConfig.cmake
-- Installing: /home/justin/demo_ws/src/aprs_ros2_demo/install/aprs_interfaces/share/aprs_interfaces/cmake/aprs_interfacesConfig-version.cmake
-- Installing: /home/justin/demo_ws/src/aprs_ros2_demo/install/aprs_interfaces/share/aprs_interfaces/package.xml
