[0.007s] Invoking command in '/home/justin/demo_ws/src/aprs_ros2_demo/build/fanuc_moveit_config': CMAKE_PREFIX_PATH=/opt/ros/iron /usr/bin/cmake /home/justin/demo_ws/src/aprs_ros2_demo/fanuc_moveit_config -DCMAKE_INSTALL_PREFIX=/home/justin/demo_ws/src/aprs_ros2_demo/install/fanuc_moveit_config
[0.033s] -- The C compiler identification is GNU 11.4.0
[0.061s] -- The CXX compiler identification is GNU 11.4.0
[0.065s] -- Detecting C compiler ABI info
[0.100s] -- Detecting C compiler ABI info - done
[0.104s] -- Check for working C compiler: /usr/bin/cc - skipped
[0.104s] -- Detecting C compile features
[0.104s] -- Detecting C compile features - done
[0.106s] -- Detecting CXX compiler ABI info
[0.147s] -- Detecting CXX compiler ABI info - done
[0.150s] -- Check for working CXX compiler: /usr/bin/c++ - skipped
[0.151s] -- Detecting CXX compile features
[0.151s] -- Detecting CXX compile features - done
[0.155s] -- Found ament_cmake: 2.0.6 (/opt/ros/iron/share/ament_cmake/cmake)
[0.246s] -- Found Python3: /usr/bin/python3.10 (found version "3.10.12") found components: Interpreter 
[0.326s] -- Configuring done
[0.327s] -- Generating done
[0.327s] -- Build files have been written to: /home/justin/demo_ws/src/aprs_ros2_demo/build/fanuc_moveit_config
[0.331s] Invoked command in '/home/justin/demo_ws/src/aprs_ros2_demo/build/fanuc_moveit_config' returned '0': CMAKE_PREFIX_PATH=/opt/ros/iron /usr/bin/cmake /home/justin/demo_ws/src/aprs_ros2_demo/fanuc_moveit_config -DCMAKE_INSTALL_PREFIX=/home/justin/demo_ws/src/aprs_ros2_demo/install/fanuc_moveit_config
[0.331s] Invoking command in '/home/justin/demo_ws/src/aprs_ros2_demo/build/fanuc_moveit_config': CMAKE_PREFIX_PATH=/opt/ros/iron /usr/bin/cmake --build /home/justin/demo_ws/src/aprs_ros2_demo/build/fanuc_moveit_config -- -j24 -l24
[0.351s] Invoked command in '/home/justin/demo_ws/src/aprs_ros2_demo/build/fanuc_moveit_config' returned '0': CMAKE_PREFIX_PATH=/opt/ros/iron /usr/bin/cmake --build /home/justin/demo_ws/src/aprs_ros2_demo/build/fanuc_moveit_config -- -j24 -l24
[0.365s] Invoking command in '/home/justin/demo_ws/src/aprs_ros2_demo/build/fanuc_moveit_config': CMAKE_PREFIX_PATH=/opt/ros/iron /usr/bin/cmake --install /home/justin/demo_ws/src/aprs_ros2_demo/build/fanuc_moveit_config
[0.368s] -- Install configuration: ""
[0.368s] -- Installing: /home/justin/demo_ws/src/aprs_ros2_demo/install/fanuc_moveit_config/share/fanuc_moveit_config/config
[0.368s] -- Installing: /home/justin/demo_ws/src/aprs_ros2_demo/install/fanuc_moveit_config/share/fanuc_moveit_config/config/joint_limits.yaml
[0.368s] -- Installing: /home/justin/demo_ws/src/aprs_ros2_demo/install/fanuc_moveit_config/share/fanuc_moveit_config/config/ompl_planning.yaml
[0.368s] -- Installing: /home/justin/demo_ws/src/aprs_ros2_demo/install/fanuc_moveit_config/share/fanuc_moveit_config/config/controllers.yaml
[0.369s] -- Installing: /home/justin/demo_ws/src/aprs_ros2_demo/install/fanuc_moveit_config/share/fanuc_moveit_config/config/kinematics.yaml
[0.369s] -- Installing: /home/justin/demo_ws/src/aprs_ros2_demo/install/fanuc_moveit_config/share/fanuc_moveit_config/config/fanuc.srdf
[0.369s] -- Installing: /home/justin/demo_ws/src/aprs_ros2_demo/install/fanuc_moveit_config/share/fanuc_moveit_config/config/moveitpy_config.yaml
[0.369s] -- Installing: /home/justin/demo_ws/src/aprs_ros2_demo/install/fanuc_moveit_config/share/fanuc_moveit_config/launch
[0.369s] -- Installing: /home/justin/demo_ws/src/aprs_ros2_demo/install/fanuc_moveit_config/share/fanuc_moveit_config/launch/fanuc_move_group.launch.py
[0.369s] -- Installing: /home/justin/demo_ws/src/aprs_ros2_demo/install/fanuc_moveit_config/share/ament_index/resource_index/package_run_dependencies/fanuc_moveit_config
[0.369s] -- Installing: /home/justin/demo_ws/src/aprs_ros2_demo/install/fanuc_moveit_config/share/ament_index/resource_index/parent_prefix_path/fanuc_moveit_config
[0.369s] -- Installing: /home/justin/demo_ws/src/aprs_ros2_demo/install/fanuc_moveit_config/share/fanuc_moveit_config/environment/ament_prefix_path.sh
[0.369s] -- Installing: /home/justin/demo_ws/src/aprs_ros2_demo/install/fanuc_moveit_config/share/fanuc_moveit_config/environment/ament_prefix_path.dsv
[0.369s] -- Installing: /home/justin/demo_ws/src/aprs_ros2_demo/install/fanuc_moveit_config/share/fanuc_moveit_config/environment/path.sh
[0.369s] -- Installing: /home/justin/demo_ws/src/aprs_ros2_demo/install/fanuc_moveit_config/share/fanuc_moveit_config/environment/path.dsv
[0.369s] -- Installing: /home/justin/demo_ws/src/aprs_ros2_demo/install/fanuc_moveit_config/share/fanuc_moveit_config/local_setup.bash
[0.369s] -- Installing: /home/justin/demo_ws/src/aprs_ros2_demo/install/fanuc_moveit_config/share/fanuc_moveit_config/local_setup.sh
[0.369s] -- Installing: /home/justin/demo_ws/src/aprs_ros2_demo/install/fanuc_moveit_config/share/fanuc_moveit_config/local_setup.zsh
[0.369s] -- Installing: /home/justin/demo_ws/src/aprs_ros2_demo/install/fanuc_moveit_config/share/fanuc_moveit_config/local_setup.dsv
[0.369s] -- Installing: /home/justin/demo_ws/src/aprs_ros2_demo/install/fanuc_moveit_config/share/fanuc_moveit_config/package.dsv
[0.369s] -- Installing: /home/justin/demo_ws/src/aprs_ros2_demo/install/fanuc_moveit_config/share/ament_index/resource_index/packages/fanuc_moveit_config
[0.369s] -- Installing: /home/justin/demo_ws/src/aprs_ros2_demo/install/fanuc_moveit_config/share/fanuc_moveit_config/cmake/fanuc_moveit_configConfig.cmake
[0.369s] -- Installing: /home/justin/demo_ws/src/aprs_ros2_demo/install/fanuc_moveit_config/share/fanuc_moveit_config/cmake/fanuc_moveit_configConfig-version.cmake
[0.369s] -- Installing: /home/justin/demo_ws/src/aprs_ros2_demo/install/fanuc_moveit_config/share/fanuc_moveit_config/package.xml
[0.370s] Invoked command in '/home/justin/demo_ws/src/aprs_ros2_demo/build/fanuc_moveit_config' returned '0': CMAKE_PREFIX_PATH=/opt/ros/iron /usr/bin/cmake --install /home/justin/demo_ws/src/aprs_ros2_demo/build/fanuc_moveit_config
