[0.004s] Invoking command in '/home/justin/demo_ws/src/aprs_ros2_demo/build/fanuc_description': AMENT_PREFIX_PATH=/home/justin/demo_ws/src/aprs_ros2_demo/install/fanuc_hardware:${AMENT_PREFIX_PATH} CMAKE_PREFIX_PATH=/home/justin/demo_ws/src/aprs_ros2_demo/install/fanuc_hardware:/opt/ros/iron LD_LIBRARY_PATH=/home/justin/demo_ws/src/aprs_ros2_demo/install/fanuc_hardware/lib:${LD_LIBRARY_PATH} /usr/bin/cmake /home/justin/demo_ws/src/aprs_ros2_demo/fanuc_description -DCMAKE_INSTALL_PREFIX=/home/justin/demo_ws/src/aprs_ros2_demo/install/fanuc_description
[0.032s] -- The C compiler identification is GNU 11.4.0
[0.059s] -- The CXX compiler identification is GNU 11.4.0
[0.063s] -- Detecting C compiler ABI info
[0.099s] -- Detecting C compiler ABI info - done
[0.102s] -- Check for working C compiler: /usr/bin/cc - skipped
[0.102s] -- Detecting C compile features
[0.103s] -- Detecting C compile features - done
[0.104s] -- Detecting CXX compiler ABI info
[0.145s] -- Detecting CXX compiler ABI info - done
[0.148s] -- Check for working CXX compiler: /usr/bin/c++ - skipped
[0.149s] -- Detecting CXX compile features
[0.149s] -- Detecting CXX compile features - done
[0.150s] -- Found ament_cmake: 2.0.6 (/opt/ros/iron/share/ament_cmake/cmake)
[0.239s] -- Found Python3: /usr/bin/python3.10 (found version "3.10.12") found components: Interpreter 
[0.317s] -- Configuring done
[0.318s] -- Generating done
[0.318s] -- Build files have been written to: /home/justin/demo_ws/src/aprs_ros2_demo/build/fanuc_description
[0.322s] Invoked command in '/home/justin/demo_ws/src/aprs_ros2_demo/build/fanuc_description' returned '0': AMENT_PREFIX_PATH=/home/justin/demo_ws/src/aprs_ros2_demo/install/fanuc_hardware:${AMENT_PREFIX_PATH} CMAKE_PREFIX_PATH=/home/justin/demo_ws/src/aprs_ros2_demo/install/fanuc_hardware:/opt/ros/iron LD_LIBRARY_PATH=/home/justin/demo_ws/src/aprs_ros2_demo/install/fanuc_hardware/lib:${LD_LIBRARY_PATH} /usr/bin/cmake /home/justin/demo_ws/src/aprs_ros2_demo/fanuc_description -DCMAKE_INSTALL_PREFIX=/home/justin/demo_ws/src/aprs_ros2_demo/install/fanuc_description
[0.322s] Invoking command in '/home/justin/demo_ws/src/aprs_ros2_demo/build/fanuc_description': AMENT_PREFIX_PATH=/home/justin/demo_ws/src/aprs_ros2_demo/install/fanuc_hardware:${AMENT_PREFIX_PATH} CMAKE_PREFIX_PATH=/home/justin/demo_ws/src/aprs_ros2_demo/install/fanuc_hardware:/opt/ros/iron LD_LIBRARY_PATH=/home/justin/demo_ws/src/aprs_ros2_demo/install/fanuc_hardware/lib:${LD_LIBRARY_PATH} /usr/bin/cmake --build /home/justin/demo_ws/src/aprs_ros2_demo/build/fanuc_description -- -j24 -l24
[0.340s] Invoked command in '/home/justin/demo_ws/src/aprs_ros2_demo/build/fanuc_description' returned '0': AMENT_PREFIX_PATH=/home/justin/demo_ws/src/aprs_ros2_demo/install/fanuc_hardware:${AMENT_PREFIX_PATH} CMAKE_PREFIX_PATH=/home/justin/demo_ws/src/aprs_ros2_demo/install/fanuc_hardware:/opt/ros/iron LD_LIBRARY_PATH=/home/justin/demo_ws/src/aprs_ros2_demo/install/fanuc_hardware/lib:${LD_LIBRARY_PATH} /usr/bin/cmake --build /home/justin/demo_ws/src/aprs_ros2_demo/build/fanuc_description -- -j24 -l24
[0.351s] Invoking command in '/home/justin/demo_ws/src/aprs_ros2_demo/build/fanuc_description': AMENT_PREFIX_PATH=/home/justin/demo_ws/src/aprs_ros2_demo/install/fanuc_hardware:${AMENT_PREFIX_PATH} CMAKE_PREFIX_PATH=/home/justin/demo_ws/src/aprs_ros2_demo/install/fanuc_hardware:/opt/ros/iron LD_LIBRARY_PATH=/home/justin/demo_ws/src/aprs_ros2_demo/install/fanuc_hardware/lib:${LD_LIBRARY_PATH} /usr/bin/cmake --install /home/justin/demo_ws/src/aprs_ros2_demo/build/fanuc_description
[0.354s] -- Install configuration: ""
[0.354s] -- Installing: /home/justin/demo_ws/src/aprs_ros2_demo/install/fanuc_description/share/fanuc_description/config
[0.354s] -- Installing: /home/justin/demo_ws/src/aprs_ros2_demo/install/fanuc_description/share/fanuc_description/config/fanuc.rviz
[0.355s] -- Installing: /home/justin/demo_ws/src/aprs_ros2_demo/install/fanuc_description/share/fanuc_description/config/fanuc_controllers.yaml
[0.355s] -- Installing: /home/justin/demo_ws/src/aprs_ros2_demo/install/fanuc_description/share/fanuc_description/launch
[0.355s] -- Installing: /home/justin/demo_ws/src/aprs_ros2_demo/install/fanuc_description/share/fanuc_description/launch/fanuc_bringup.launch.py
[0.355s] -- Installing: /home/justin/demo_ws/src/aprs_ros2_demo/install/fanuc_description/share/fanuc_description/meshes
[0.355s] -- Installing: /home/justin/demo_ws/src/aprs_ros2_demo/install/fanuc_description/share/fanuc_description/meshes/collision
[0.355s] -- Installing: /home/justin/demo_ws/src/aprs_ros2_demo/install/fanuc_description/share/fanuc_description/meshes/collision/link_3.stl
[0.356s] -- Installing: /home/justin/demo_ws/src/aprs_ros2_demo/install/fanuc_description/share/fanuc_description/meshes/collision/link_5.stl
[0.356s] -- Installing: /home/justin/demo_ws/src/aprs_ros2_demo/install/fanuc_description/share/fanuc_description/meshes/collision/fanuc_finger1.STL
[0.356s] -- Installing: /home/justin/demo_ws/src/aprs_ros2_demo/install/fanuc_description/share/fanuc_description/meshes/collision/link_6.stl
[0.357s] -- Installing: /home/justin/demo_ws/src/aprs_ros2_demo/install/fanuc_description/share/fanuc_description/meshes/collision/link_2.stl
[0.357s] -- Installing: /home/justin/demo_ws/src/aprs_ros2_demo/install/fanuc_description/share/fanuc_description/meshes/collision/link_1.stl
[0.358s] -- Installing: /home/justin/demo_ws/src/aprs_ros2_demo/install/fanuc_description/share/fanuc_description/meshes/collision/fanuc_finger2.STL
[0.358s] -- Installing: /home/justin/demo_ws/src/aprs_ros2_demo/install/fanuc_description/share/fanuc_description/meshes/collision/2_FingersFixedMeter.stl
[0.359s] -- Installing: /home/justin/demo_ws/src/aprs_ros2_demo/install/fanuc_description/share/fanuc_description/meshes/collision/2_FingersXrotMeter.stl
[0.359s] -- Installing: /home/justin/demo_ws/src/aprs_ros2_demo/install/fanuc_description/share/fanuc_description/meshes/collision/link_4.stl
[0.360s] -- Installing: /home/justin/demo_ws/src/aprs_ros2_demo/install/fanuc_description/share/fanuc_description/meshes/collision/base_link.stl
[0.361s] -- Installing: /home/justin/demo_ws/src/aprs_ros2_demo/install/fanuc_description/share/fanuc_description/meshes/collision/fanuc_finger_2.STL
[0.361s] -- Installing: /home/justin/demo_ws/src/aprs_ros2_demo/install/fanuc_description/share/fanuc_description/meshes/collision/fanuc_finger_1.STL
[0.361s] -- Installing: /home/justin/demo_ws/src/aprs_ros2_demo/install/fanuc_description/share/fanuc_description/meshes/visual
[0.361s] -- Installing: /home/justin/demo_ws/src/aprs_ros2_demo/install/fanuc_description/share/fanuc_description/meshes/visual/link_3.stl
[0.362s] -- Installing: /home/justin/demo_ws/src/aprs_ros2_demo/install/fanuc_description/share/fanuc_description/meshes/visual/link_5.stl
[0.363s] -- Installing: /home/justin/demo_ws/src/aprs_ros2_demo/install/fanuc_description/share/fanuc_description/meshes/visual/fanuc_finger1.STL
[0.363s] -- Installing: /home/justin/demo_ws/src/aprs_ros2_demo/install/fanuc_description/share/fanuc_description/meshes/visual/link_6.stl
[0.363s] -- Installing: /home/justin/demo_ws/src/aprs_ros2_demo/install/fanuc_description/share/fanuc_description/meshes/visual/link_2.stl
[0.364s] -- Installing: /home/justin/demo_ws/src/aprs_ros2_demo/install/fanuc_description/share/fanuc_description/meshes/visual/link_1.stl
[0.364s] -- Installing: /home/justin/demo_ws/src/aprs_ros2_demo/install/fanuc_description/share/fanuc_description/meshes/visual/fanuc_finger2.STL
[0.364s] -- Installing: /home/justin/demo_ws/src/aprs_ros2_demo/install/fanuc_description/share/fanuc_description/meshes/visual/2_FingersFixedMeter.stl
[0.365s] -- Installing: /home/justin/demo_ws/src/aprs_ros2_demo/install/fanuc_description/share/fanuc_description/meshes/visual/2_FingersXrotMeter.stl
[0.365s] -- Installing: /home/justin/demo_ws/src/aprs_ros2_demo/install/fanuc_description/share/fanuc_description/meshes/visual/link_4.stl
[0.366s] -- Installing: /home/justin/demo_ws/src/aprs_ros2_demo/install/fanuc_description/share/fanuc_description/meshes/visual/base_link.stl
[0.367s] -- Installing: /home/justin/demo_ws/src/aprs_ros2_demo/install/fanuc_description/share/fanuc_description/meshes/visual/fanuc_finger_2.STL
[0.367s] -- Installing: /home/justin/demo_ws/src/aprs_ros2_demo/install/fanuc_description/share/fanuc_description/meshes/visual/fanuc_finger_1.STL
[0.368s] -- Installing: /home/justin/demo_ws/src/aprs_ros2_demo/install/fanuc_description/share/fanuc_description/urdf
[0.368s] -- Installing: /home/justin/demo_ws/src/aprs_ros2_demo/install/fanuc_description/share/fanuc_description/urdf/fanuc.ros2_control.xacro
[0.368s] -- Installing: /home/justin/demo_ws/src/aprs_ros2_demo/install/fanuc_description/share/fanuc_description/urdf/fanuc.urdf.xacro
[0.368s] -- Installing: /home/justin/demo_ws/src/aprs_ros2_demo/install/fanuc_description/share/fanuc_description/urdf/fanuc_macro.xacro
[0.368s] -- Installing: /home/justin/demo_ws/src/aprs_ros2_demo/install/fanuc_description/share/ament_index/resource_index/package_run_dependencies/fanuc_description
[0.368s] -- Installing: /home/justin/demo_ws/src/aprs_ros2_demo/install/fanuc_description/share/ament_index/resource_index/parent_prefix_path/fanuc_description
[0.368s] -- Installing: /home/justin/demo_ws/src/aprs_ros2_demo/install/fanuc_description/share/fanuc_description/environment/ament_prefix_path.sh
[0.368s] -- Installing: /home/justin/demo_ws/src/aprs_ros2_demo/install/fanuc_description/share/fanuc_description/environment/ament_prefix_path.dsv
[0.368s] -- Installing: /home/justin/demo_ws/src/aprs_ros2_demo/install/fanuc_description/share/fanuc_description/environment/path.sh
[0.368s] -- Installing: /home/justin/demo_ws/src/aprs_ros2_demo/install/fanuc_description/share/fanuc_description/environment/path.dsv
[0.368s] -- Installing: /home/justin/demo_ws/src/aprs_ros2_demo/install/fanuc_description/share/fanuc_description/local_setup.bash
[0.368s] -- Installing: /home/justin/demo_ws/src/aprs_ros2_demo/install/fanuc_description/share/fanuc_description/local_setup.sh
[0.368s] -- Installing: /home/justin/demo_ws/src/aprs_ros2_demo/install/fanuc_description/share/fanuc_description/local_setup.zsh
[0.368s] -- Installing: /home/justin/demo_ws/src/aprs_ros2_demo/install/fanuc_description/share/fanuc_description/local_setup.dsv
[0.368s] -- Installing: /home/justin/demo_ws/src/aprs_ros2_demo/install/fanuc_description/share/fanuc_description/package.dsv
[0.368s] -- Installing: /home/justin/demo_ws/src/aprs_ros2_demo/install/fanuc_description/share/ament_index/resource_index/packages/fanuc_description
[0.368s] -- Installing: /home/justin/demo_ws/src/aprs_ros2_demo/install/fanuc_description/share/fanuc_description/cmake/fanuc_descriptionConfig.cmake
[0.368s] -- Installing: /home/justin/demo_ws/src/aprs_ros2_demo/install/fanuc_description/share/fanuc_description/cmake/fanuc_descriptionConfig-version.cmake
[0.368s] -- Installing: /home/justin/demo_ws/src/aprs_ros2_demo/install/fanuc_description/share/fanuc_description/package.xml
[0.370s] Invoked command in '/home/justin/demo_ws/src/aprs_ros2_demo/build/fanuc_description' returned '0': AMENT_PREFIX_PATH=/home/justin/demo_ws/src/aprs_ros2_demo/install/fanuc_hardware:${AMENT_PREFIX_PATH} CMAKE_PREFIX_PATH=/home/justin/demo_ws/src/aprs_ros2_demo/install/fanuc_hardware:/opt/ros/iron LD_LIBRARY_PATH=/home/justin/demo_ws/src/aprs_ros2_demo/install/fanuc_hardware/lib:${LD_LIBRARY_PATH} /usr/bin/cmake --install /home/justin/demo_ws/src/aprs_ros2_demo/build/fanuc_description
