-- The C compiler identification is GNU 11.4.0
-- The CXX compiler identification is GNU 11.4.0
-- Detecting C compiler ABI info
-- Detecting C compiler ABI info - done
-- Check for working C compiler: /usr/bin/cc - skipped
-- Detecting C compile features
-- Detecting C compile features - done
-- Detecting CXX compiler ABI info
-- Detecting CXX compiler ABI info - done
-- Check for working CXX compiler: /usr/bin/c++ - skipped
-- Detecting CXX compile features
-- Detecting CXX compile features - done
-- Found ament_cmake: 2.0.6 (/opt/ros/iron/share/ament_cmake/cmake)
-- Found Python3: /usr/bin/python3.10 (found version "3.10.12") found components: Interpreter 
-- Found rclpy: 4.1.6 (/opt/ros/iron/share/rclpy/cmake)
-- Configuring done
-- Generating done
-- Build files have been written to: /home/justin/demo_ws/src/aprs_ros2_demo/build/aprs_vision
Built target ament_cmake_python_copy_aprs_vision
running egg_info
creating aprs_vision.egg-info
writing aprs_vision.egg-info/PKG-INFO
writing dependency_links to aprs_vision.egg-info/dependency_links.txt
writing top-level names to aprs_vision.egg-info/top_level.txt
writing manifest file 'aprs_vision.egg-info/SOURCES.txt'
running install_scripts
reading manifest file 'aprs_vision.egg-info/SOURCES.txt'
writing manifest file 'aprs_vision.egg-info/SOURCES.txt'
running egg_info
writing aprs_vision.egg-info/PKG-INFO
writing dependency_links to aprs_vision.egg-info/dependency_links.txt
writing top-level names to aprs_vision.egg-info/top_level.txt
reading manifest file 'aprs_vision.egg-info/SOURCES.txt'
writing manifest file 'aprs_vision.egg-info/SOURCES.txt'
Built target ament_cmake_python_build_aprs_vision_egg
Built target ament_cmake_python_build_aprs_vision_scripts
-- Install configuration: ""
-- Installing: /home/justin/demo_ws/src/aprs_ros2_demo/install/aprs_vision/share/aprs_vision/launch
-- Installing: /home/justin/demo_ws/src/aprs_ros2_demo/install/aprs_vision/share/aprs_vision/launch/aprs_vision.launch.py
-- Installing: /home/justin/demo_ws/src/aprs_ros2_demo/install/aprs_vision/share/aprs_vision/config
-- Installing: /home/justin/demo_ws/src/aprs_ros2_demo/install/aprs_vision/share/aprs_vision/config/vision.rviz
-- Installing: /home/justin/demo_ws/src/aprs_ros2_demo/install/aprs_vision/share/aprs_vision/config/map_x.npy
-- Installing: /home/justin/demo_ws/src/aprs_ros2_demo/install/aprs_vision/share/aprs_vision/config/base_background.jpg
-- Installing: /home/justin/demo_ws/src/aprs_ros2_demo/install/aprs_vision/share/aprs_vision/config/map_y.npy
-- Installing: /home/justin/demo_ws/src/aprs_ros2_demo/install/aprs_vision/share/aprs_vision/environment/pythonpath.sh
-- Installing: /home/justin/demo_ws/src/aprs_ros2_demo/install/aprs_vision/share/aprs_vision/environment/pythonpath.dsv
-- Installing: /home/justin/demo_ws/src/aprs_ros2_demo/install/aprs_vision/lib/python3.10/site-packages/aprs_vision-0.0.0-py3.10.egg-info
-- Installing: /home/justin/demo_ws/src/aprs_ros2_demo/install/aprs_vision/lib/python3.10/site-packages/aprs_vision-0.0.0-py3.10.egg-info/top_level.txt
-- Installing: /home/justin/demo_ws/src/aprs_ros2_demo/install/aprs_vision/lib/python3.10/site-packages/aprs_vision-0.0.0-py3.10.egg-info/PKG-INFO
-- Installing: /home/justin/demo_ws/src/aprs_ros2_demo/install/aprs_vision/lib/python3.10/site-packages/aprs_vision-0.0.0-py3.10.egg-info/SOURCES.txt
-- Installing: /home/justin/demo_ws/src/aprs_ros2_demo/install/aprs_vision/lib/python3.10/site-packages/aprs_vision-0.0.0-py3.10.egg-info/dependency_links.txt
-- Installing: /home/justin/demo_ws/src/aprs_ros2_demo/install/aprs_vision/lib/aprs_vision/
-- Installing: /home/justin/demo_ws/src/aprs_ros2_demo/install/aprs_vision/lib/python3.10/site-packages/aprs_vision
-- Installing: /home/justin/demo_ws/src/aprs_ros2_demo/install/aprs_vision/lib/python3.10/site-packages/aprs_vision/fanuc_table.py
-- Installing: /home/justin/demo_ws/src/aprs_ros2_demo/install/aprs_vision/lib/python3.10/site-packages/aprs_vision/vision_publisher.py
-- Installing: /home/justin/demo_ws/src/aprs_ros2_demo/install/aprs_vision/lib/python3.10/site-packages/aprs_vision/vision_annotator.py
-- Installing: /home/justin/demo_ws/src/aprs_ros2_demo/install/aprs_vision/lib/python3.10/site-packages/aprs_vision/__init__.py
-- Installing: /home/justin/demo_ws/src/aprs_ros2_demo/install/aprs_vision/lib/python3.10/site-packages/aprs_vision/vision_read.py
-- Installing: /home/justin/demo_ws/src/aprs_ros2_demo/install/aprs_vision/lib/python3.10/site-packages/aprs_vision/slot_offsets.py
-- Installing: /home/justin/demo_ws/src/aprs_ros2_demo/install/aprs_vision/lib/python3.10/site-packages/aprs_vision/vision_broadcaster.py
Listing '/home/justin/demo_ws/src/aprs_ros2_demo/install/aprs_vision/lib/python3.10/site-packages/aprs_vision'...
Compiling '/home/justin/demo_ws/src/aprs_ros2_demo/install/aprs_vision/lib/python3.10/site-packages/aprs_vision/__init__.py'...
Compiling '/home/justin/demo_ws/src/aprs_ros2_demo/install/aprs_vision/lib/python3.10/site-packages/aprs_vision/fanuc_table.py'...
Compiling '/home/justin/demo_ws/src/aprs_ros2_demo/install/aprs_vision/lib/python3.10/site-packages/aprs_vision/slot_offsets.py'...
Compiling '/home/justin/demo_ws/src/aprs_ros2_demo/install/aprs_vision/lib/python3.10/site-packages/aprs_vision/vision_annotator.py'...
Compiling '/home/justin/demo_ws/src/aprs_ros2_demo/install/aprs_vision/lib/python3.10/site-packages/aprs_vision/vision_broadcaster.py'...
Compiling '/home/justin/demo_ws/src/aprs_ros2_demo/install/aprs_vision/lib/python3.10/site-packages/aprs_vision/vision_publisher.py'...
Compiling '/home/justin/demo_ws/src/aprs_ros2_demo/install/aprs_vision/lib/python3.10/site-packages/aprs_vision/vision_read.py'...
-- Installing: /home/justin/demo_ws/src/aprs_ros2_demo/install/aprs_vision/lib/aprs_vision/vision_annotator_node.py
-- Installing: /home/justin/demo_ws/src/aprs_ros2_demo/install/aprs_vision/lib/aprs_vision/vision_publisher_node.py
-- Installing: /home/justin/demo_ws/src/aprs_ros2_demo/install/aprs_vision/lib/aprs_vision/vision_broadcaster_node.py
-- Installing: /home/justin/demo_ws/src/aprs_ros2_demo/install/aprs_vision/lib/aprs_vision/fanuc_vision_node.py
-- Installing: /home/justin/demo_ws/src/aprs_ros2_demo/install/aprs_vision/share/ament_index/resource_index/package_run_dependencies/aprs_vision
-- Installing: /home/justin/demo_ws/src/aprs_ros2_demo/install/aprs_vision/share/ament_index/resource_index/parent_prefix_path/aprs_vision
-- Installing: /home/justin/demo_ws/src/aprs_ros2_demo/install/aprs_vision/share/aprs_vision/environment/ament_prefix_path.sh
-- Installing: /home/justin/demo_ws/src/aprs_ros2_demo/install/aprs_vision/share/aprs_vision/environment/ament_prefix_path.dsv
-- Installing: /home/justin/demo_ws/src/aprs_ros2_demo/install/aprs_vision/share/aprs_vision/environment/path.sh
-- Installing: /home/justin/demo_ws/src/aprs_ros2_demo/install/aprs_vision/share/aprs_vision/environment/path.dsv
-- Installing: /home/justin/demo_ws/src/aprs_ros2_demo/install/aprs_vision/share/aprs_vision/local_setup.bash
-- Installing: /home/justin/demo_ws/src/aprs_ros2_demo/install/aprs_vision/share/aprs_vision/local_setup.sh
-- Installing: /home/justin/demo_ws/src/aprs_ros2_demo/install/aprs_vision/share/aprs_vision/local_setup.zsh
-- Installing: /home/justin/demo_ws/src/aprs_ros2_demo/install/aprs_vision/share/aprs_vision/local_setup.dsv
-- Installing: /home/justin/demo_ws/src/aprs_ros2_demo/install/aprs_vision/share/aprs_vision/package.dsv
-- Installing: /home/justin/demo_ws/src/aprs_ros2_demo/install/aprs_vision/share/ament_index/resource_index/packages/aprs_vision
-- Installing: /home/justin/demo_ws/src/aprs_ros2_demo/install/aprs_vision/share/aprs_vision/cmake/aprs_visionConfig.cmake
-- Installing: /home/justin/demo_ws/src/aprs_ros2_demo/install/aprs_vision/share/aprs_vision/cmake/aprs_visionConfig-version.cmake
-- Installing: /home/justin/demo_ws/src/aprs_ros2_demo/install/aprs_vision/share/aprs_vision/package.xml
